{"numTotalTestSuites":71,"numPassedTestSuites":71,"numFailedTestSuites":0,"numPendingTestSuites":0,"numTotalTests":170,"numPassedTests":170,"numFailedTests":0,"numPendingTests":0,"numTodoTests":0,"snapshot":{"added":0,"failure":false,"filesAdded":0,"filesRemoved":0,"filesRemovedList":[],"filesUnmatched":0,"filesUpdated":0,"matched":0,"total":0,"unchecked":0,"uncheckedKeysByFile":[],"unmatched":0,"updated":0,"didUpdate":false},"startTime":1789999088674,"success":true,"testResults":[{"assertionResults":[{"ancestorTitles":["RequirementReviewsService"],"fullName":"RequirementReviewsService derives the in-review and decision-pending states from main comment counts.","status":"passed","title":"derives the in-review and decision-pending states from main comment counts.","duration":2.2730600000000436,"failureMessages":[],"meta":{},"tags":[]},{"ancestorTitles":["RequirementReviewsService"],"fullName":"RequirementReviewsService rejects replies to closed comments.","status":"passed","title":"rejects replies to closed comments.","duration":9.293120000000044,"failureMessages":[],"meta":{},"tags":[]},{"ancestorTitles":["RequirementReviewsService"],"fullName":"RequirementReviewsService creates an open review comment for the current requirement revision.","status":"passed","title":"creates an open review comment for the current requirement revision.","duration":1.5140199999999595,"failureMessages":[],"meta":{},"tags":[]},{"ancestorTitles":["RequirementReviewsService"],"fullName":"RequirementReviewsService does not approve a requirement while review comments are open.","status":"passed","title":"does not approve a requirement while review comments are open.","duration":0.4766499999999496,"failureMessages":[],"meta":{},"tags":[]},{"ancestorTitles":["RequirementReviewsService"],"fullName":"RequirementReviewsService approves a draft requirement when all review comments are closed.","status":"passed","title":"approves a draft requirement when all review comments are closed.","duration":0.520354999999995,"failureMessages":[],"meta":{},"tags":[]},{"ancestorTitles":["RequirementReviewsService"],"fullName":"RequirementReviewsService rejects a draft requirement and auto-closes open comments.","status":"passed","title":"rejects a draft requirement and auto-closes open comments.","duration":0.7640910000000076,"failureMessages":[],"meta":{},"tags":[]}],"startTime":1789999091768,"endTime":1789999091782.7642,"status":"passed","message":"","name":"/home/node/backend/src/requirement-reviews/requirement-reviews.service.spec.ts"},{"assertionResults":[{"ancestorTitles":["AdministratorProjectsService"],"fullName":"AdministratorProjectsService lists summary-only administrative project data.","status":"passed","title":"lists summary-only administrative project data.","duration":4.151954999999987,"failureMessages":[],"meta":{},"tags":[]},{"ancestorTitles":["AdministratorProjectsService"],"fullName":"AdministratorProjectsService returns an empty summary for a newly created project.","status":"passed","title":"returns an empty summary for a newly created project.","duration":0.6089359999999715,"failureMessages":[],"meta":{},"tags":[]},{"ancestorTitles":["AdministratorProjectsService"],"fullName":"AdministratorProjectsService delegates administrative updates and deletion to the project domain service.","status":"passed","title":"delegates administrative updates and deletion to the project domain service.","duration":0.4016220000000317,"failureMessages":[],"meta":{},"tags":[]}],"startTime":1789999094017,"endTime":1789999094022.4016,"status":"passed","message":"","name":"/home/node/backend/src/projects/administrator-projects.service.spec.ts"},{"assertionResults":[{"ancestorTitles":["ProjectsService","finds"],"fullName":"ProjectsService finds a project by id.","status":"passed","title":"a project by id.","duration":3.433708000000024,"failureMessages":[],"meta":{},"tags":[]},{"ancestorTitles":["ProjectsService","finds"],"fullName":"ProjectsService finds throws NotFoundException if the project does not exist.","status":"passed","title":"throws NotFoundException if the project does not exist.","duration":1.0015190000000302,"failureMessages":[],"meta":{},"tags":[]},{"ancestorTitles":["ProjectsService","finds"],"fullName":"ProjectsService finds all projects ordered by name.","status":"passed","title":"all projects ordered by name.","duration":0.5267809999999145,"failureMessages":[],"meta":{},"tags":[]},{"ancestorTitles":["ProjectsService","creates"],"fullName":"ProjectsService creates a project.","status":"passed","title":"a project.","duration":0.5530529999999771,"failureMessages":[],"meta":{},"tags":[]},{"ancestorTitles":["ProjectsService","updates"],"fullName":"ProjectsService updates a project.","status":"passed","title":"a project.","duration":0.5201429999999618,"failureMessages":[],"meta":{},"tags":[]},{"ancestorTitles":["ProjectsService","updates"],"fullName":"ProjectsService updates throws NotFoundException if the project does not exist.","status":"passed","title":"throws NotFoundException if the project does not exist.","duration":0.39012099999990824,"failureMessages":[],"meta":{},"tags":[]},{"ancestorTitles":["ProjectsService","deletes"],"fullName":"ProjectsService deletes an empty project.","status":"passed","title":"an empty project.","duration":0.27512400000000525,"failureMessages":[],"meta":{},"tags":[]},{"ancestorTitles":["ProjectsService","deletes"],"fullName":"ProjectsService deletes rejects deletion when the project contains requirements.","status":"passed","title":"rejects deletion when the project contains requirements.","duration":0.3211700000000519,"failureMessages":[],"meta":{},"tags":[]},{"ancestorTitles":["ProjectsService","deletes"],"fullName":"ProjectsService deletes throws NotFoundException if the project does not exist.","status":"passed","title":"throws NotFoundException if the project does not exist.","duration":0.7610859999999775,"failureMessages":[],"meta":{},"tags":[]},{"ancestorTitles":["ProjectsService","categories","findAllCategories"],"fullName":"ProjectsService categories findAllCategories returns all categories of a project sorted by name.","status":"passed","title":"returns all categories of a project sorted by name.","duration":0.48248000000000957,"failureMessages":[],"meta":{},"tags":[]},{"ancestorTitles":["ProjectsService","categories","findAllCategories"],"fullName":"ProjectsService categories findAllCategories returns an empty array when the project exists but has no categories.","status":"passed","title":"returns an empty array when the project exists but has no categories.","duration":0.2552739999999858,"failureMessages":[],"meta":{},"tags":[]},{"ancestorTitles":["ProjectsService","categories","findAllCategories","throws"],"fullName":"ProjectsService categories findAllCategories throws NotFoundException when the project does not exist.","status":"passed","title":"NotFoundException when the project does not exist.","duration":0.2588059999999359,"failureMessages":[],"meta":{},"tags":[]},{"ancestorTitles":["ProjectsService","categories","createCategory"],"fullName":"ProjectsService categories createCategory creates a category for an existing project.","status":"passed","title":"creates a category for an existing project.","duration":0.33600799999999253,"failureMessages":[],"meta":{},"tags":[]},{"ancestorTitles":["ProjectsService","categories","createCategory","throws"],"fullName":"ProjectsService categories createCategory throws NotFoundException when the project does not exist.","status":"passed","title":"NotFoundException when the project does not exist.","duration":3.6732450000000654,"failureMessages":[],"meta":{},"tags":[]},{"ancestorTitles":["ProjectsService","categories","createCategory","throws"],"fullName":"ProjectsService categories createCategory throws BadRequestException when the category name already exists in the project.","status":"passed","title":"BadRequestException when the category name already exists in the project.","duration":0.5597330000000511,"failureMessages":[],"meta":{},"tags":[]},{"ancestorTitles":["ProjectsService","categories","createCategory","throws"],"fullName":"ProjectsService categories createCategory throws BadRequestException when the category key already exists in the project.","status":"passed","title":"BadRequestException when the category key already exists in the project.","duration":0.37817500000005566,"failureMessages":[],"meta":{},"tags":[]},{"ancestorTitles":["ProjectsService","categories","updateCategory"],"fullName":"ProjectsService categories updateCategory updates the category name.","status":"passed","title":"updates the category name.","duration":0.4821069999999281,"failureMessages":[],"meta":{},"tags":[]},{"ancestorTitles":["ProjectsService","categories","updateCategory"],"fullName":"ProjectsService categories updateCategory updates the category key.","status":"passed","title":"updates the category key.","duration":0.17815699999994195,"failureMessages":[],"meta":{},"tags":[]},{"ancestorTitles":["ProjectsService","categories","updateCategory"],"fullName":"ProjectsService categories updateCategory updates the category type.","status":"passed","title":"updates the category type.","duration":1.6108239999999796,"failureMessages":[],"meta":{},"tags":[]},{"ancestorTitles":["ProjectsService","categories","updateCategory"],"fullName":"ProjectsService categories updateCategory updates name, key, and type together.","status":"passed","title":"updates name, key, and type together.","duration":0.6072580000000016,"failureMessages":[],"meta":{},"tags":[]},{"ancestorTitles":["ProjectsService","categories","updateCategory"],"fullName":"ProjectsService categories updateCategory allows keeping the same name and key on the same category.","status":"passed","title":"allows keeping the same name and key on the same category.","duration":0.1542299999999841,"failureMessages":[],"meta":{},"tags":[]},{"ancestorTitles":["ProjectsService","categories","updateCategory","throws"],"fullName":"ProjectsService categories updateCategory throws NotFoundException when the project does not exist.","status":"passed","title":"NotFoundException when the project does not exist.","duration":0.4144659999999476,"failureMessages":[],"meta":{},"tags":[]},{"ancestorTitles":["ProjectsService","categories","updateCategory","throws"],"fullName":"ProjectsService categories updateCategory throws NotFoundException when the category does not exist in the project.","status":"passed","title":"NotFoundException when the category does not exist in the project.","duration":1.6345149999999649,"failureMessages":[],"meta":{},"tags":[]},{"ancestorTitles":["ProjectsService","categories","updateCategory","throws"],"fullName":"ProjectsService categories updateCategory throws BadRequestException when the updated name already exists in the same project.","status":"passed","title":"BadRequestException when the updated name already exists in the same project.","duration":0.3123990000000276,"failureMessages":[],"meta":{},"tags":[]},{"ancestorTitles":["ProjectsService","categories","updateCategory","throws"],"fullName":"ProjectsService categories updateCategory throws BadRequestException when the updated key already exists in the same project.","status":"passed","title":"BadRequestException when the updated key already exists in the same project.","duration":0.208238999999935,"failureMessages":[],"meta":{},"tags":[]},{"ancestorTitles":["ProjectsService","categories","deleteCategory"],"fullName":"ProjectsService categories deleteCategory deletes a category from an existing project.","status":"passed","title":"deletes a category from an existing project.","duration":0.18158700000003591,"failureMessages":[],"meta":{},"tags":[]},{"ancestorTitles":["ProjectsService","categories","deleteCategory","throws"],"fullName":"ProjectsService categories deleteCategory throws NotFoundException when the project does not exist.","status":"passed","title":"NotFoundException when the project does not exist.","duration":0.1620110000000068,"failureMessages":[],"meta":{},"tags":[]},{"ancestorTitles":["ProjectsService","categories","deleteCategory","throws"],"fullName":"ProjectsService categories deleteCategory throws NotFoundException when the category does not exist in the project.","status":"passed","title":"NotFoundException when the category does not exist in the project.","duration":0.14035800000010568,"failureMessages":[],"meta":{},"tags":[]},{"ancestorTitles":["ProjectsService","requirements","createRequirement"],"fullName":"ProjectsService requirements createRequirement creates a draft requirement with an allocated visible key.","status":"passed","title":"creates a draft requirement with an allocated visible key.","duration":1.0283779999999751,"failureMessages":[],"meta":{},"tags":[]},{"ancestorTitles":["ProjectsService","requirements","createRequirement"],"fullName":"ProjectsService requirements createRequirement throws NotFoundException if the category belongs to another project.","status":"passed","title":"throws NotFoundException if the category belongs to another project.","duration":0.1694199999999455,"failureMessages":[],"meta":{},"tags":[]},{"ancestorTitles":["ProjectsService","requirements","findAllRequirements"],"fullName":"ProjectsService requirements findAllRequirements lists visible requirements sorted by visible key.","status":"passed","title":"lists visible requirements sorted by visible key.","duration":0.26362399999993613,"failureMessages":[],"meta":{},"tags":[]},{"ancestorTitles":["ProjectsService","requirements","findRequirement"],"fullName":"ProjectsService requirements findRequirement returns the current requirement.","status":"passed","title":"returns the current requirement.","duration":0.5080199999999877,"failureMessages":[],"meta":{},"tags":[]},{"ancestorTitles":["ProjectsService","requirements","findRequirementRevisions"],"fullName":"ProjectsService requirements findRequirementRevisions returns archived revisions and the current requirement.","status":"passed","title":"returns archived revisions and the current requirement.","duration":0.4981749999999465,"failureMessages":[],"meta":{},"tags":[]},{"ancestorTitles":["ProjectsService","requirements","updateRequirement"],"fullName":"ProjectsService requirements updateRequirement creates a content revision while preserving an approved requirement lifecycle state.","status":"passed","title":"creates a content revision while preserving an approved requirement lifecycle state.","duration":1.38278600000001,"failureMessages":[],"meta":{},"tags":[]},{"ancestorTitles":["ProjectsService","requirements","updateRequirement"],"fullName":"ProjectsService requirements updateRequirement requires an explicit change reason for substantive edits.","status":"passed","title":"requires an explicit change reason for substantive edits.","duration":0.7166889999999739,"failureMessages":[],"meta":{},"tags":[]},{"ancestorTitles":["ProjectsService","requirements","updateRequirement"],"fullName":"ProjectsService requirements updateRequirement requires the dedicated review decision endpoint for approved transitions.","status":"passed","title":"requires the dedicated review decision endpoint for approved transitions.","duration":0.23380200000008244,"failureMessages":[],"meta":{},"tags":[]},{"ancestorTitles":["ProjectsService","requirements","updateRequirement"],"fullName":"ProjectsService requirements updateRequirement requires the dedicated review decision endpoint for rejected transitions.","status":"passed","title":"requires the dedicated review decision endpoint for rejected transitions.","duration":0.31635000000005675,"failureMessages":[],"meta":{},"tags":[]},{"ancestorTitles":["ProjectsService","requirements","updateRequirement"],"fullName":"ProjectsService requirements updateRequirement requires an implementation ticket before an approved requirement can be implemented.","status":"passed","title":"requires an implementation ticket before an approved requirement can be implemented.","duration":0.35676200000000335,"failureMessages":[],"meta":{},"tags":[]},{"ancestorTitles":["ProjectsService","requirements","updateRequirement"],"fullName":"ProjectsService requirements updateRequirement rejects changes to implemented requirements.","status":"passed","title":"rejects changes to implemented requirements.","duration":0.2546140000000605,"failureMessages":[],"meta":{},"tags":[]},{"ancestorTitles":["ProjectsService","requirements","updateRequirement"],"fullName":"ProjectsService requirements updateRequirement moves a changed requirement to another project category and allocates a new visible key.","status":"passed","title":"moves a changed requirement to another project category and allocates a new visible key.","duration":0.33461799999997766,"failureMessages":[],"meta":{},"tags":[]},{"ancestorTitles":["ProjectsService","requirements","updateRequirement"],"fullName":"ProjectsService requirements updateRequirement sets an approved requirement obsolete with actor and reason without replacing the reviewer.","status":"passed","title":"sets an approved requirement obsolete with actor and reason without replacing the reviewer.","duration":1.940368000000035,"failureMessages":[],"meta":{},"tags":[]},{"ancestorTitles":["ProjectsService","requirements","updateRequirement"],"fullName":"ProjectsService requirements updateRequirement requires a reviewer when approving a draft requirement.","status":"passed","title":"requires a reviewer when approving a draft requirement.","duration":0.3171939999999722,"failureMessages":[],"meta":{},"tags":[]},{"ancestorTitles":["ProjectsService","requirements","updateRequirement"],"fullName":"ProjectsService requirements updateRequirement requires an obsolescence reason when setting a requirement obsolete.","status":"passed","title":"requires an obsolescence reason when setting a requirement obsolete.","duration":0.2584400000000642,"failureMessages":[],"meta":{},"tags":[]},{"ancestorTitles":["ProjectsService","requirements","updateRequirement"],"fullName":"ProjectsService requirements updateRequirement requires a user name when setting a requirement obsolete.","status":"passed","title":"requires a user name when setting a requirement obsolete.","duration":0.1907699999999295,"failureMessages":[],"meta":{},"tags":[]},{"ancestorTitles":["ProjectsService","requirements","updateRequirement"],"fullName":"ProjectsService requirements updateRequirement allows implemented requirements to become obsolete.","status":"passed","title":"allows implemented requirements to become obsolete.","duration":0.29597899999998845,"failureMessages":[],"meta":{},"tags":[]},{"ancestorTitles":["ProjectsService","requirements","updateRequirement"],"fullName":"ProjectsService requirements updateRequirement does not allow draft requirements to become obsolete.","status":"passed","title":"does not allow draft requirements to become obsolete.","duration":0.19241499999998268,"failureMessages":[],"meta":{},"tags":[]},{"ancestorTitles":["ProjectsService","requirements","updateRequirement"],"fullName":"ProjectsService requirements updateRequirement does not allow rejected requirements to become obsolete.","status":"passed","title":"does not allow rejected requirements to become obsolete.","duration":0.1979910000000018,"failureMessages":[],"meta":{},"tags":[]},{"ancestorTitles":["ProjectsService","requirements","requirement deletion"],"fullName":"ProjectsService requirements requirement deletion does not expose requirement deletion service behavior.","status":"passed","title":"does not expose requirement deletion service behavior.","duration":0.31219399999997677,"failureMessages":[],"meta":{},"tags":[]}],"startTime":1789999091659,"endTime":1789999091690.3123,"status":"passed","message":"","name":"/home/node/backend/src/projects/projects.service.spec.ts"},{"assertionResults":[{"ancestorTitles":["PasswordService"],"fullName":"PasswordService creates an Argon2id hash that verifies the original password.","status":"passed","title":"creates an Argon2id hash that verifies the original password.","duration":364.63165300000014,"failureMessages":[],"meta":{},"tags":[]},{"ancestorTitles":["PasswordService"],"fullName":"PasswordService uses a different salt for equal passwords.","status":"passed","title":"uses a different salt for equal passwords.","duration":194.84908200000018,"failureMessages":[],"meta":{},"tags":[]}],"startTime":1789999090386,"endTime":1789999090945.849,"status":"passed","message":"","name":"/home/node/backend/src/auth/accounts/password.service.spec.ts"},{"assertionResults":[{"ancestorTitles":["AdministratorGuard"],"fullName":"AdministratorGuard allows an Administrator account.","status":"passed","title":"allows an Administrator account.","duration":1.0933100000000309,"failureMessages":[],"meta":{},"tags":[]},{"ancestorTitles":["AdministratorGuard"],"fullName":"AdministratorGuard rejects the non-Administrator role requirements_engineer.","status":"passed","title":"rejects the non-Administrator role requirements_engineer.","duration":4.186253999999963,"failureMessages":[],"meta":{},"tags":[]},{"ancestorTitles":["AdministratorGuard"],"fullName":"AdministratorGuard rejects the non-Administrator role developer.","status":"passed","title":"rejects the non-Administrator role developer.","duration":0.21995499999997037,"failureMessages":[],"meta":{},"tags":[]},{"ancestorTitles":["AdministratorGuard"],"fullName":"AdministratorGuard rejects the non-Administrator role viewer.","status":"passed","title":"rejects the non-Administrator role viewer.","duration":0.10552000000001271,"failureMessages":[],"meta":{},"tags":[]}],"startTime":1789999094852,"endTime":1789999094858.1055,"status":"passed","message":"","name":"/home/node/backend/src/auth/authorization/administrator.guard.spec.ts"},{"assertionResults":[{"ancestorTitles":["ProjectAuthorizationGuard"],"fullName":"ProjectAuthorizationGuard rejects Administrator access to project-scoped permission read_project.","status":"passed","title":"rejects Administrator access to project-scoped permission read_project.","duration":2.489925000000028,"failureMessages":[],"meta":{},"tags":[]},{"ancestorTitles":["ProjectAuthorizationGuard"],"fullName":"ProjectAuthorizationGuard rejects Administrator access to project-scoped permission read.","status":"passed","title":"rejects Administrator access to project-scoped permission read.","duration":0.6513410000000022,"failureMessages":[],"meta":{},"tags":[]},{"ancestorTitles":["ProjectAuthorizationGuard"],"fullName":"ProjectAuthorizationGuard allows read through the matching project-scoped role with membership.","status":"passed","title":"allows read through the matching project-scoped role with membership.","duration":0.6008580000000165,"failureMessages":[],"meta":{},"tags":[]},{"ancestorTitles":["ProjectAuthorizationGuard"],"fullName":"ProjectAuthorizationGuard allows read_project through the matching project-scoped role with membership.","status":"passed","title":"allows read_project through the matching project-scoped role with membership.","duration":0.7765080000000353,"failureMessages":[],"meta":{},"tags":[]},{"ancestorTitles":["ProjectAuthorizationGuard"],"fullName":"ProjectAuthorizationGuard allows manage_requirements through the matching project-scoped role with membership.","status":"passed","title":"allows manage_requirements through the matching project-scoped role with membership.","duration":0.16758800000002338,"failureMessages":[],"meta":{},"tags":[]},{"ancestorTitles":["ProjectAuthorizationGuard"],"fullName":"ProjectAuthorizationGuard allows manage_tickets through the matching project-scoped role with membership.","status":"passed","title":"allows manage_tickets through the matching project-scoped role with membership.","duration":0.16238899999996192,"failureMessages":[],"meta":{},"tags":[]},{"ancestorTitles":["ProjectAuthorizationGuard"],"fullName":"ProjectAuthorizationGuard rejects project-scoped access without membership.","status":"passed","title":"rejects project-scoped access without membership.","duration":0.2624230000000125,"failureMessages":[],"meta":{},"tags":[]},{"ancestorTitles":["ProjectAuthorizationGuard"],"fullName":"ProjectAuthorizationGuard does not allow Developer accounts to mutate requirement content.","status":"passed","title":"does not allow Developer accounts to mutate requirement content.","duration":0.3842119999999909,"failureMessages":[],"meta":{},"tags":[]}],"startTime":1789999093786,"endTime":1789999093792.3843,"status":"passed","message":"","name":"/home/node/backend/src/auth/authorization/project-authorization.guard.spec.ts"},{"assertionResults":[{"ancestorTitles":["ProjectMembershipService single-role memberships"],"fullName":"ProjectMembershipService single-role memberships creates membership without storing a separate project role.","status":"passed","title":"creates membership without storing a separate project role.","duration":3.004701999999952,"failureMessages":[],"meta":{},"tags":[]},{"ancestorTitles":["ProjectMembershipService single-role memberships"],"fullName":"ProjectMembershipService single-role memberships rejects Administrator memberships.","status":"passed","title":"rejects Administrator memberships.","duration":0.9422589999999786,"failureMessages":[],"meta":{},"tags":[]},{"ancestorTitles":["ProjectMembershipService single-role memberships"],"fullName":"ProjectMembershipService single-role memberships rejects active accounts without a project-scoped role.","status":"passed","title":"rejects active accounts without a project-scoped role.","duration":0.302695999999969,"failureMessages":[],"meta":{},"tags":[]},{"ancestorTitles":["ProjectMembershipService single-role memberships"],"fullName":"ProjectMembershipService single-role memberships rejects memberships for accounts that are not active.","status":"passed","title":"rejects memberships for accounts that are not active.","duration":0.24086099999999533,"failureMessages":[],"meta":{},"tags":[]}],"startTime":1789999093534,"endTime":1789999093539.241,"status":"passed","message":"","name":"/home/node/backend/src/auth/authorization/project-membership.service.spec.ts"},{"assertionResults":[{"ancestorTitles":["UserAdministrationService role model"],"fullName":"UserAdministrationService role model assigns exactly one role while the account is pending.","status":"passed","title":"assigns exactly one role while the account is pending.","duration":3.7356770000000097,"failureMessages":[],"meta":{},"tags":[]},{"ancestorTitles":["UserAdministrationService role model"],"fullName":"UserAdministrationService role model does not allow an active account to be converted into another role.","status":"passed","title":"does not allow an active account to be converted into another role.","duration":0.9353249999999775,"failureMessages":[],"meta":{},"tags":[]},{"ancestorTitles":["UserAdministrationService role model"],"fullName":"UserAdministrationService role model requires a role before activation.","status":"passed","title":"requires a role before activation.","duration":0.5976009999999974,"failureMessages":[],"meta":{},"tags":[]},{"ancestorTitles":["UserAdministrationService role model"],"fullName":"UserAdministrationService role model activates a verified pending account after a role was assigned.","status":"passed","title":"activates a verified pending account after a role was assigned.","duration":0.33757399999996096,"failureMessages":[],"meta":{},"tags":[]},{"ancestorTitles":["UserAdministrationService role model"],"fullName":"UserAdministrationService role model allows an unassigned pending account to be deactivated.","status":"passed","title":"allows an unassigned pending account to be deactivated.","duration":0.9082030000000145,"failureMessages":[],"meta":{},"tags":[]},{"ancestorTitles":["UserAdministrationService role model"],"fullName":"UserAdministrationService role model blocks an Administrator from deactivating their own account.","status":"passed","title":"blocks an Administrator from deactivating their own account.","duration":0.28724099999999453,"failureMessages":[],"meta":{},"tags":[]},{"ancestorTitles":["UserAdministrationService role model"],"fullName":"UserAdministrationService role model blocks an Administrator from revoking their own sessions through administration.","status":"passed","title":"blocks an Administrator from revoking their own sessions through administration.","duration":0.8326909999999543,"failureMessages":[],"meta":{},"tags":[]},{"ancestorTitles":["UserAdministrationService role model"],"fullName":"UserAdministrationService role model allows a deactivated account to change its project-scoped role.","status":"passed","title":"allows a deactivated account to change its project-scoped role.","duration":0.9215629999999919,"failureMessages":[],"meta":{},"tags":[]},{"ancestorTitles":["UserAdministrationService role model"],"fullName":"UserAdministrationService role model allows a deactivated account without memberships to become Administrator.","status":"passed","title":"allows a deactivated account without memberships to become Administrator.","duration":0.4511880000000019,"failureMessages":[],"meta":{},"tags":[]},{"ancestorTitles":["UserAdministrationService role model"],"fullName":"UserAdministrationService role model blocks Administrator assignment while project memberships still exist.","status":"passed","title":"blocks Administrator assignment while project memberships still exist.","duration":1.45919600000002,"failureMessages":[],"meta":{},"tags":[]}],"startTime":1789999092245,"endTime":1789999092255.4592,"status":"passed","message":"","name":"/home/node/backend/src/auth/administration/user-administration.service.spec.ts"},{"assertionResults":[{"ancestorTitles":["bootstrap configuration"],"fullName":"bootstrap configuration provides a test-only secret without production configuration.","status":"passed","title":"provides a test-only secret without production configuration.","duration":3.3943590000000086,"failureMessages":[],"meta":{},"tags":[]},{"ancestorTitles":["bootstrap configuration"],"fullName":"bootstrap configuration allows a removed secret after bootstrap and rejects weak values.","status":"passed","title":"allows a removed secret after bootstrap and rejects weak values.","duration":1.7828220000000101,"failureMessages":[],"meta":{},"tags":[]},{"ancestorTitles":["bootstrap configuration"],"fullName":"bootstrap configuration loads the configured deployment secret.","status":"passed","title":"loads the configured deployment secret.","duration":0.2252149999999915,"failureMessages":[],"meta":{},"tags":[]}],"startTime":1789999094079,"endTime":1789999094085.225,"status":"passed","message":"","name":"/home/node/backend/src/auth/bootstrap/bootstrap.config.spec.ts"},{"assertionResults":[{"ancestorTitles":["BootstrapService"],"fullName":"BootstrapService reports bootstrap availability without exposing configuration.","status":"passed","title":"reports bootstrap availability without exposing configuration.","duration":2.6585509999999886,"failureMessages":[],"meta":{},"tags":[]},{"ancestorTitles":["BootstrapService"],"fullName":"BootstrapService requires the deployment secret at startup only before completion.","status":"passed","title":"requires the deployment secret at startup only before completion.","duration":0.9298900000000003,"failureMessages":[],"meta":{},"tags":[]},{"ancestorTitles":["BootstrapService"],"fullName":"BootstrapService atomically creates a pending Administrator and verification token.","status":"passed","title":"atomically creates a pending Administrator and verification token.","duration":3.349201999999991,"failureMessages":[],"meta":{},"tags":[]},{"ancestorTitles":["BootstrapService"],"fullName":"BootstrapService rejects a missing or incorrect secret generically.","status":"passed","title":"rejects a missing or incorrect secret generically.","duration":0.9302730000000565,"failureMessages":[],"meta":{},"tags":[]},{"ancestorTitles":["BootstrapService"],"fullName":"BootstrapService rejects a missing or incorrect secret generically.","status":"passed","title":"rejects a missing or incorrect secret generically.","duration":0.5159080000000813,"failureMessages":[],"meta":{},"tags":[]},{"ancestorTitles":["BootstrapService"],"fullName":"BootstrapService permanently rejects registration after bootstrap completion.","status":"passed","title":"permanently rejects registration after bootstrap completion.","duration":0.3958509999999933,"failureMessages":[],"meta":{},"tags":[]},{"ancestorTitles":["BootstrapService"],"fullName":"BootstrapService rate-limits repeated attempts by a hashed request source.","status":"passed","title":"rate-limits repeated attempts by a hashed request source.","duration":1.169398000000001,"failureMessages":[],"meta":{},"tags":[]},{"ancestorTitles":["BootstrapService"],"fullName":"BootstrapService does not send email when the atomic transaction fails.","status":"passed","title":"does not send email when the atomic transaction fails.","duration":0.49953900000002704,"failureMessages":[],"meta":{},"tags":[]}],"startTime":1789999092805,"endTime":1789999092815.4995,"status":"passed","message":"","name":"/home/node/backend/src/auth/bootstrap/bootstrap.service.spec.ts"},{"assertionResults":[{"ancestorTitles":["PasswordResetService"],"fullName":"PasswordResetService returns the same non-enumerating response for an unknown email.","status":"passed","title":"returns the same non-enumerating response for an unknown email.","duration":3.0469510000000355,"failureMessages":[],"meta":{},"tags":[]},{"ancestorTitles":["PasswordResetService"],"fullName":"PasswordResetService stores only a token hash and emails the plaintext token to an eligible user.","status":"passed","title":"stores only a token hash and emails the plaintext token to an eligible user.","duration":2.845909000000006,"failureMessages":[],"meta":{},"tags":[]}],"startTime":1789999093295,"endTime":1789999093301.846,"status":"passed","message":"","name":"/home/node/backend/src/auth/password-reset/password-reset.service.spec.ts"},{"assertionResults":[{"ancestorTitles":["registerUserSchema"],"fullName":"registerUserSchema normalizes registration fields without changing the password.","status":"passed","title":"normalizes registration fields without changing the password.","duration":2.875657000000018,"failureMessages":[],"meta":{},"tags":[]},{"ancestorTitles":["registerUserSchema"],"fullName":"registerUserSchema rejects malformed registration data.","status":"passed","title":"rejects malformed registration data.","duration":0.8991340000000037,"failureMessages":[],"meta":{},"tags":[]},{"ancestorTitles":["registerUserSchema"],"fullName":"registerUserSchema rejects malformed registration data.","status":"passed","title":"rejects malformed registration data.","duration":0.27627499999999827,"failureMessages":[],"meta":{},"tags":[]},{"ancestorTitles":["registerUserSchema"],"fullName":"registerUserSchema rejects malformed registration data.","status":"passed","title":"rejects malformed registration data.","duration":0.2086529999999982,"failureMessages":[],"meta":{},"tags":[]},{"ancestorTitles":["registerUserSchema"],"fullName":"registerUserSchema rejects malformed registration data.","status":"passed","title":"rejects malformed registration data.","duration":0.23403999999999314,"failureMessages":[],"meta":{},"tags":[]},{"ancestorTitles":["registerUserSchema"],"fullName":"registerUserSchema rejects malformed registration data.","status":"passed","title":"rejects malformed registration data.","duration":0.19217299999999682,"failureMessages":[],"meta":{},"tags":[]},{"ancestorTitles":["role and password recovery schemas"],"fullName":"role and password recovery schemas accepts one account role and valid recovery inputs.","status":"passed","title":"accepts one account role and valid recovery inputs.","duration":0.7135590000000036,"failureMessages":[],"meta":{},"tags":[]},{"ancestorTitles":["role and password recovery schemas"],"fullName":"role and password recovery schemas rejects invalid roles, invalid email, and weak reset passwords.","status":"passed","title":"rejects invalid roles, invalid email, and weak reset passwords.","duration":0.5128239999999948,"failureMessages":[],"meta":{},"tags":[]},{"ancestorTitles":["email verification schemas"],"fullName":"email verification schemas trims valid confirmation tokens and resend usernames.","status":"passed","title":"trims valid confirmation tokens and resend usernames.","duration":0.39705900000001293,"failureMessages":[],"meta":{},"tags":[]},{"ancestorTitles":["email verification schemas"],"fullName":"email verification schemas rejects empty confirmation tokens and malformed usernames.","status":"passed","title":"rejects empty confirmation tokens and malformed usernames.","duration":0.2735450000000128,"failureMessages":[],"meta":{},"tags":[]},{"ancestorTitles":["bootstrapAdministratorSchema"],"fullName":"bootstrapAdministratorSchema normalizes identity attributes and permits a missing secret for generic rejection.","status":"passed","title":"normalizes identity attributes and permits a missing secret for generic rejection.","duration":0.5875859999999875,"failureMessages":[],"meta":{},"tags":[]},{"ancestorTitles":["bootstrapAdministratorSchema"],"fullName":"bootstrapAdministratorSchema validates bootstrap registration account fields.","status":"passed","title":"validates bootstrap registration account fields.","duration":0.1815249999999935,"failureMessages":[],"meta":{},"tags":[]},{"ancestorTitles":["session and administration schemas"],"fullName":"session and administration schemas accepts trimmed login credentials and supported account states.","status":"passed","title":"accepts trimmed login credentials and supported account states.","duration":0.5879669999999919,"failureMessages":[],"meta":{},"tags":[]},{"ancestorTitles":["session and administration schemas"],"fullName":"session and administration schemas rejects empty credentials and pending as an administrative target state.","status":"passed","title":"rejects empty credentials and pending as an administrative target state.","duration":0.339572000000004,"failureMessages":[],"meta":{},"tags":[]}],"startTime":1789999091231,"endTime":1789999091240.3396,"status":"passed","message":"","name":"/home/node/backend/src/auth/dto/auth.schemas.spec.ts"},{"assertionResults":[{"ancestorTitles":["EmailDeliveryService"],"fullName":"EmailDeliveryService sends the plaintext token only in the generated frontend link.","status":"passed","title":"sends the plaintext token only in the generated frontend link.","duration":9.31713099999996,"failureMessages":[],"meta":{},"tags":[]},{"ancestorTitles":["EmailDeliveryService"],"fullName":"EmailDeliveryService does not create a transporter or send mail when delivery is explicitly disabled.","status":"passed","title":"does not create a transporter or send mail when delivery is explicitly disabled.","duration":0.7409690000000069,"failureMessages":[],"meta":{},"tags":[]}],"startTime":1789999094622,"endTime":1789999094631.741,"status":"passed","message":"","name":"/home/node/backend/src/auth/registration/email-delivery.service.spec.ts"},{"assertionResults":[{"ancestorTitles":["EmailVerificationService"],"fullName":"EmailVerificationService activates the initial Administrator after email confirmation.","status":"passed","title":"activates the initial Administrator after email confirmation.","duration":2.093832999999961,"failureMessages":[],"meta":{},"tags":[]},{"ancestorTitles":["EmailVerificationService"],"fullName":"EmailVerificationService stores only a hash with a 30-minute expiry and delivers the plaintext token.","status":"passed","title":"stores only a hash with a 30-minute expiry and delivers the plaintext token.","duration":3.1049189999999953,"failureMessages":[],"meta":{},"tags":[]},{"ancestorTitles":["EmailVerificationService"],"fullName":"EmailVerificationService keeps the token usable and conceals delivery failures.","status":"passed","title":"keeps the token usable and conceals delivery failures.","duration":2.8268429999999967,"failureMessages":[],"meta":{},"tags":[]},{"ancestorTitles":["EmailVerificationService"],"fullName":"EmailVerificationService confirms a valid token, verifies the user, and invalidates other tokens.","status":"passed","title":"confirms a valid token, verifies the user, and invalidates other tokens.","duration":0.7922010000000341,"failureMessages":[],"meta":{},"tags":[]},{"ancestorTitles":["EmailVerificationService"],"fullName":"EmailVerificationService rejects an unknown token with the generic error.","status":"passed","title":"rejects an unknown token with the generic error.","duration":0.6630519999999933,"failureMessages":[],"meta":{},"tags":[]},{"ancestorTitles":["EmailVerificationService"],"fullName":"EmailVerificationService rejects an expired token with the generic error.","status":"passed","title":"rejects an expired token with the generic error.","duration":0.20915000000002237,"failureMessages":[],"meta":{},"tags":[]},{"ancestorTitles":["EmailVerificationService"],"fullName":"EmailVerificationService rejects an consumed token with the generic error.","status":"passed","title":"rejects an consumed token with the generic error.","duration":0.202241000000015,"failureMessages":[],"meta":{},"tags":[]},{"ancestorTitles":["EmailVerificationService"],"fullName":"EmailVerificationService rejects an invalidated token with the generic error.","status":"passed","title":"rejects an invalidated token with the generic error.","duration":0.17713400000002366,"failureMessages":[],"meta":{},"tags":[]},{"ancestorTitles":["EmailVerificationService"],"fullName":"EmailVerificationService returns the generic resend response without revealing an unknown account.","status":"passed","title":"returns the generic resend response without revealing an unknown account.","duration":0.4604489999999828,"failureMessages":[],"meta":{},"tags":[]},{"ancestorTitles":["EmailVerificationService"],"fullName":"EmailVerificationService issues a resend for an eligible pending account.","status":"passed","title":"issues a resend for an eligible pending account.","duration":0.33593300000001136,"failureMessages":[],"meta":{},"tags":[]},{"ancestorTitles":["EmailVerificationService"],"fullName":"EmailVerificationService does not resend for an account that is already verified.","status":"passed","title":"does not resend for an account that is already verified.","duration":0.19789300000002186,"failureMessages":[],"meta":{},"tags":[]},{"ancestorTitles":["EmailVerificationService"],"fullName":"EmailVerificationService does not resend for an account that is deactivated.","status":"passed","title":"does not resend for an account that is deactivated.","duration":0.1523559999999975,"failureMessages":[],"meta":{},"tags":[]},{"ancestorTitles":["EmailVerificationService"],"fullName":"EmailVerificationService enforces both the one-minute interval and five-per-hour limit.","status":"passed","title":"enforces both the one-minute interval and five-per-hour limit.","duration":0.20756000000000085,"failureMessages":[],"meta":{},"tags":[]}],"startTime":1789999092117,"endTime":1789999092128.336,"status":"passed","message":"","name":"/home/node/backend/src/auth/registration/email-verification.service.spec.ts"},{"assertionResults":[{"ancestorTitles":["mail configuration"],"fullName":"mail configuration disables external delivery in the test environment.","status":"passed","title":"disables external delivery in the test environment.","duration":7.694119999999998,"failureMessages":[],"meta":{},"tags":[]},{"ancestorTitles":["mail configuration"],"fullName":"mail configuration loads the complete SMTP configuration outside the test environment.","status":"passed","title":"loads the complete SMTP configuration outside the test environment.","duration":0.5922150000000101,"failureMessages":[],"meta":{},"tags":[]},{"ancestorTitles":["mail configuration"],"fullName":"mail configuration rejects incomplete or malformed production configuration.","status":"passed","title":"rejects incomplete or malformed production configuration.","duration":0.879335000000026,"failureMessages":[],"meta":{},"tags":[]}],"startTime":1789999094311,"endTime":1789999094319.8794,"status":"passed","message":"","name":"/home/node/backend/src/auth/registration/mail.config.spec.ts"},{"assertionResults":[{"ancestorTitles":["RegistrationService"],"fullName":"RegistrationService creates a pending user with normalized identity attributes and a password hash.","status":"passed","title":"creates a pending user with normalized identity attributes and a password hash.","duration":4.814147000000048,"failureMessages":[],"meta":{},"tags":[]},{"ancestorTitles":["RegistrationService"],"fullName":"RegistrationService returns the same generic response for a uniqueness conflict.","status":"passed","title":"returns the same generic response for a uniqueness conflict.","duration":0.6405280000003586,"failureMessages":[],"meta":{},"tags":[]},{"ancestorTitles":["RegistrationService"],"fullName":"RegistrationService does not hide unexpected persistence errors.","status":"passed","title":"does not hide unexpected persistence errors.","duration":0.8362130000000434,"failureMessages":[],"meta":{},"tags":[]},{"ancestorTitles":["RegistrationService"],"fullName":"RegistrationService looks up usernames and emails case-insensitively.","status":"passed","title":"looks up usernames and emails case-insensitively.","duration":0.6766990000000987,"failureMessages":[],"meta":{},"tags":[]},{"ancestorTitles":["RegistrationService"],"fullName":"RegistrationService can activate a stored user through the internal service.","status":"passed","title":"can activate a stored user through the internal service.","duration":0.48226700000031997,"failureMessages":[],"meta":{},"tags":[]},{"ancestorTitles":["RegistrationService"],"fullName":"RegistrationService can deactivate a stored user through the internal service.","status":"passed","title":"can deactivate a stored user through the internal service.","duration":0.40977299999985917,"failureMessages":[],"meta":{},"tags":[]},{"ancestorTitles":["RegistrationService"],"fullName":"RegistrationService does not activate a pending account without an assigned role.","status":"passed","title":"does not activate a pending account without an assigned role.","duration":0.5475339999998141,"failureMessages":[],"meta":{},"tags":[]},{"ancestorTitles":["RegistrationService"],"fullName":"RegistrationService changes only the stored password hash through the internal service.","status":"passed","title":"changes only the stored password hash through the internal service.","duration":0.21136900000010428,"failureMessages":[],"meta":{},"tags":[]},{"ancestorTitles":["RegistrationService"],"fullName":"RegistrationService rejects internal updates for an unknown user.","status":"passed","title":"rejects internal updates for an unknown user.","duration":0.2586989999999787,"failureMessages":[],"meta":{},"tags":[]}],"startTime":1789999091006,"endTime":1789999091015.2588,"status":"passed","message":"","name":"/home/node/backend/src/auth/registration/registration.service.spec.ts"},{"assertionResults":[{"ancestorTitles":["VerificationTokenService"],"fullName":"VerificationTokenService generates 256 random bits and stores a deterministic SHA-256 representation.","status":"passed","title":"generates 256 random bits and stores a deterministic SHA-256 representation.","duration":5.592064999999991,"failureMessages":[],"meta":{},"tags":[]}],"startTime":1789999094561,"endTime":1789999094566.592,"status":"passed","message":"","name":"/home/node/backend/src/auth/registration/verification-token.service.spec.ts"},{"assertionResults":[{"ancestorTitles":["getRequestSource"],"fullName":"getRequestSource prefers the Express request IP","status":"passed","title":"prefers the Express request IP","duration":3.5471399999999846,"failureMessages":[],"meta":{},"tags":[]},{"ancestorTitles":["getRequestSource"],"fullName":"getRequestSource falls back to the socket remote address","status":"passed","title":"falls back to the socket remote address","duration":1.4570250000000158,"failureMessages":[],"meta":{},"tags":[]},{"ancestorTitles":["getRequestSource"],"fullName":"getRequestSource uses a stable fallback when no address is available","status":"passed","title":"uses a stable fallback when no address is available","duration":0.15984299999999507,"failureMessages":[],"meta":{},"tags":[]}],"startTime":1789999095143,"endTime":1789999095148.457,"status":"passed","message":"","name":"/home/node/backend/src/auth/sessions/request-source.spec.ts"},{"assertionResults":[{"ancestorTitles":[],"fullName":"stores the authenticated principal on the request.","status":"passed","title":"stores the authenticated principal on the request.","duration":2.6630609999999706,"failureMessages":[],"meta":{},"tags":[]}],"startTime":1789999094999,"endTime":1789999095001.663,"status":"passed","message":"","name":"/home/node/backend/src/auth/sessions/session-auth.guard.spec.ts"},{"assertionResults":[{"ancestorTitles":["SessionTokenService"],"fullName":"SessionTokenService generates distinct opaque tokens and matching SHA-256 hashes.","status":"passed","title":"generates distinct opaque tokens and matching SHA-256 hashes.","duration":2.4919760000000224,"failureMessages":[],"meta":{},"tags":[]}],"startTime":1789999095147,"endTime":1789999095149.492,"status":"passed","message":"","name":"/home/node/backend/src/auth/sessions/session-token.service.spec.ts"},{"assertionResults":[{"ancestorTitles":["SessionService login"],"fullName":"SessionService login creates a session using only the generated token hash for an eligible user.","status":"passed","title":"creates a session using only the generated token hash for an eligible user.","duration":6.356443000000013,"failureMessages":[],"meta":{},"tags":[]},{"ancestorTitles":["SessionService login"],"fullName":"SessionService login returns the same failure for unknown, unavailable, and invalid credentials.","status":"passed","title":"returns the same failure for unknown, unavailable, and invalid credentials.","duration":1.1449060000000486,"failureMessages":[],"meta":{},"tags":[]},{"ancestorTitles":["SessionService login"],"fullName":"SessionService login returns the same failure for unknown, unavailable, and invalid credentials.","status":"passed","title":"returns the same failure for unknown, unavailable, and invalid credentials.","duration":0.391366000000005,"failureMessages":[],"meta":{},"tags":[]},{"ancestorTitles":["SessionService login"],"fullName":"SessionService login returns the same failure for unknown, unavailable, and invalid credentials.","status":"passed","title":"returns the same failure for unknown, unavailable, and invalid credentials.","duration":0.2918080000000032,"failureMessages":[],"meta":{},"tags":[]},{"ancestorTitles":["SessionService login"],"fullName":"SessionService login returns the same failure for unknown, unavailable, and invalid credentials.","status":"passed","title":"returns the same failure for unknown, unavailable, and invalid credentials.","duration":0.38965100000001485,"failureMessages":[],"meta":{},"tags":[]}],"startTime":1789999093162,"endTime":1789999093170.3896,"status":"passed","message":"","name":"/home/node/backend/src/auth/sessions/session.service.spec.ts"},{"assertionResults":[{"ancestorTitles":["ZodValidationPipe"],"fullName":"ZodValidationPipe returns the parsed value.","status":"passed","title":"returns the parsed value.","duration":3.607090000000028,"failureMessages":[],"meta":{},"tags":[]},{"ancestorTitles":["ZodValidationPipe"],"fullName":"ZodValidationPipe throws BadRequestException with the first Zod issue message.","status":"passed","title":"throws BadRequestException with the first Zod issue message.","duration":1.7062729999999533,"failureMessages":[],"meta":{},"tags":[]}],"startTime":1789999092778,"endTime":1789999092782.7063,"status":"passed","message":"","name":"/home/node/backend/src/common/pipes/zod-validation.pipe.spec.ts"},{"assertionResults":[{"ancestorTitles":["requirement review request schemas"],"fullName":"requirement review request schemas accepts review comment text without trusting a client-supplied author.","status":"passed","title":"accepts review comment text without trusting a client-supplied author.","duration":2.812131999999991,"failureMessages":[],"meta":{},"tags":[]},{"ancestorTitles":["requirement review request schemas"],"fullName":"requirement review request schemas accepts review decisions and comment resolution without client-supplied actor names.","status":"passed","title":"accepts review decisions and comment resolution without client-supplied actor names.","duration":0.8561229999999966,"failureMessages":[],"meta":{},"tags":[]}],"startTime":1789999094299,"endTime":1789999094302.8562,"status":"passed","message":"","name":"/home/node/backend/src/requirement-reviews/dto/requirement-review.schemas.spec.ts"},{"assertionResults":[{"ancestorTitles":["project request schemas"],"fullName":"project request schemas normalizes a project name.","status":"passed","title":"normalizes a project name.","duration":12.517544000000015,"failureMessages":[],"meta":{},"tags":[]},{"ancestorTitles":["project request schemas"],"fullName":"project request schemas accepts an absolute ticket URL template with exactly one placeholder.","status":"passed","title":"accepts an absolute ticket URL template with exactly one placeholder.","duration":0.5227540000000204,"failureMessages":[],"meta":{},"tags":[]},{"ancestorTitles":["project request schemas"],"fullName":"project request schemas rejects a ticket URL template without the ticket placeholder.","status":"passed","title":"rejects a ticket URL template without the ticket placeholder.","duration":0.5266579999999976,"failureMessages":[],"meta":{},"tags":[]},{"ancestorTitles":["project request schemas"],"fullName":"project request schemas normalizes all user-entered implementation-ticket fields.","status":"passed","title":"normalizes all user-entered implementation-ticket fields.","duration":0.9534990000000221,"failureMessages":[],"meta":{},"tags":[]},{"ancestorTitles":["project request schemas"],"fullName":"project request schemas normalizes a category name and key.","status":"passed","title":"normalizes a category name and key.","duration":0.5496210000000019,"failureMessages":[],"meta":{},"tags":[]},{"ancestorTitles":["project request schemas"],"fullName":"project request schemas rejects an empty category patch.","status":"passed","title":"rejects an empty category patch.","duration":0.6747140000000513,"failureMessages":[],"meta":{},"tags":[]},{"ancestorTitles":["project request schemas"],"fullName":"project request schemas rejects an invalid category key.","status":"passed","title":"rejects an invalid category key.","duration":0.3008439999999837,"failureMessages":[],"meta":{},"tags":[]},{"ancestorTitles":["project request schemas"],"fullName":"project request schemas normalizes a requirement creation body.","status":"passed","title":"normalizes a requirement creation body.","duration":0.6975310000000263,"failureMessages":[],"meta":{},"tags":[]},{"ancestorTitles":["project request schemas"],"fullName":"project request schemas rejects a requirement body with an invalid category id.","status":"passed","title":"rejects a requirement body with an invalid category id.","duration":0.28998599999999897,"failureMessages":[],"meta":{},"tags":[]},{"ancestorTitles":["project request schemas"],"fullName":"project request schemas requires and normalizes a change reason for requirement content updates.","status":"passed","title":"requires and normalizes a change reason for requirement content updates.","duration":3.3726270000000227,"failureMessages":[],"meta":{},"tags":[]},{"ancestorTitles":["project request schemas"],"fullName":"project request schemas rejects client-supplied change reasons for lifecycle transitions.","status":"passed","title":"rejects client-supplied change reasons for lifecycle transitions.","duration":1.0086590000000228,"failureMessages":[],"meta":{},"tags":[]},{"ancestorTitles":["project request schemas"],"fullName":"project request schemas allows implementation status patches through the generic update endpoint.","status":"passed","title":"allows implementation status patches through the generic update endpoint.","duration":0.14384000000001151,"failureMessages":[],"meta":{},"tags":[]},{"ancestorTitles":["project request schemas"],"fullName":"project request schemas requires the dedicated review decision endpoint for approved status patches.","status":"passed","title":"requires the dedicated review decision endpoint for approved status patches.","duration":2.6061410000000365,"failureMessages":[],"meta":{},"tags":[]},{"ancestorTitles":["project request schemas"],"fullName":"project request schemas requires the dedicated review decision endpoint for rejected status patches.","status":"passed","title":"requires the dedicated review decision endpoint for rejected status patches.","duration":0.34432700000002114,"failureMessages":[],"meta":{},"tags":[]},{"ancestorTitles":["project request schemas"],"fullName":"project request schemas normalizes dedicated obsolescence metadata in a status patch.","status":"passed","title":"normalizes dedicated obsolescence metadata in a status patch.","duration":0.21758299999999053,"failureMessages":[],"meta":{},"tags":[]},{"ancestorTitles":["project request schemas"],"fullName":"project request schemas rejects a requirement patch that mixes content and status changes.","status":"passed","title":"rejects a requirement patch that mixes content and status changes.","duration":0.22713300000003755,"failureMessages":[],"meta":{},"tags":[]}],"startTime":1789999092388,"endTime":1789999092413.3442,"status":"passed","message":"","name":"/home/node/backend/src/projects/dto/project.schemas.spec.ts"}]}