{"numTotalTestSuites":71,"numPassedTestSuites":71,"numFailedTestSuites":0,"numPendingTestSuites":0,"numTotalTests":166,"numPassedTests":166,"numFailedTests":0,"numPendingTests":0,"numTodoTests":0,"snapshot":{"added":0,"failure":false,"filesAdded":0,"filesRemoved":0,"filesRemovedList":[],"filesUnmatched":0,"filesUpdated":0,"matched":0,"total":0,"unchecked":0,"uncheckedKeysByFile":[],"unmatched":0,"updated":0,"didUpdate":false},"startTime":1789404449735,"success":true,"testResults":[{"assertionResults":[{"ancestorTitles":["AdministratorProjectsService"],"fullName":"AdministratorProjectsService lists summary-only administrative project data.","status":"passed","title":"lists summary-only administrative project data.","duration":3.032886000000019,"failureMessages":[],"meta":{},"tags":[]},{"ancestorTitles":["AdministratorProjectsService"],"fullName":"AdministratorProjectsService returns an empty summary for a newly created project.","status":"passed","title":"returns an empty summary for a newly created project.","duration":0.4652089999999589,"failureMessages":[],"meta":{},"tags":[]},{"ancestorTitles":["AdministratorProjectsService"],"fullName":"AdministratorProjectsService delegates administrative updates and deletion to the project domain service.","status":"passed","title":"delegates administrative updates and deletion to the project domain service.","duration":0.3558559999999602,"failureMessages":[],"meta":{},"tags":[]}],"startTime":1789404453936,"endTime":1789404453940.356,"status":"passed","message":"","name":"/home/node/backend/src/projects/administrator-projects.service.spec.ts"},{"assertionResults":[{"ancestorTitles":["ProjectsService","finds"],"fullName":"ProjectsService finds a project by id.","status":"passed","title":"a project by id.","duration":3.455767000000151,"failureMessages":[],"meta":{},"tags":[]},{"ancestorTitles":["ProjectsService","finds"],"fullName":"ProjectsService finds throws NotFoundException if the project does not exist.","status":"passed","title":"throws NotFoundException if the project does not exist.","duration":0.9690060000000358,"failureMessages":[],"meta":{},"tags":[]},{"ancestorTitles":["ProjectsService","finds"],"fullName":"ProjectsService finds all projects ordered by name.","status":"passed","title":"all projects ordered by name.","duration":0.38820800000007694,"failureMessages":[],"meta":{},"tags":[]},{"ancestorTitles":["ProjectsService","creates"],"fullName":"ProjectsService creates a project.","status":"passed","title":"a project.","duration":0.4911669999999049,"failureMessages":[],"meta":{},"tags":[]},{"ancestorTitles":["ProjectsService","updates"],"fullName":"ProjectsService updates a project.","status":"passed","title":"a project.","duration":1.6789759999999205,"failureMessages":[],"meta":{},"tags":[]},{"ancestorTitles":["ProjectsService","updates"],"fullName":"ProjectsService updates throws NotFoundException if the project does not exist.","status":"passed","title":"throws NotFoundException if the project does not exist.","duration":0.3684200000000146,"failureMessages":[],"meta":{},"tags":[]},{"ancestorTitles":["ProjectsService","deletes"],"fullName":"ProjectsService deletes an empty project.","status":"passed","title":"an empty project.","duration":0.388789000000088,"failureMessages":[],"meta":{},"tags":[]},{"ancestorTitles":["ProjectsService","deletes"],"fullName":"ProjectsService deletes rejects deletion when the project contains requirements.","status":"passed","title":"rejects deletion when the project contains requirements.","duration":0.5748069999999643,"failureMessages":[],"meta":{},"tags":[]},{"ancestorTitles":["ProjectsService","deletes"],"fullName":"ProjectsService deletes throws NotFoundException if the project does not exist.","status":"passed","title":"throws NotFoundException if the project does not exist.","duration":0.6364639999999326,"failureMessages":[],"meta":{},"tags":[]},{"ancestorTitles":["ProjectsService","categories","findAllCategories"],"fullName":"ProjectsService categories findAllCategories returns all categories of a project sorted by name.","status":"passed","title":"returns all categories of a project sorted by name.","duration":0.44038799999998446,"failureMessages":[],"meta":{},"tags":[]},{"ancestorTitles":["ProjectsService","categories","findAllCategories"],"fullName":"ProjectsService categories findAllCategories returns an empty array when the project exists but has no categories.","status":"passed","title":"returns an empty array when the project exists but has no categories.","duration":0.24172300000009272,"failureMessages":[],"meta":{},"tags":[]},{"ancestorTitles":["ProjectsService","categories","findAllCategories","throws"],"fullName":"ProjectsService categories findAllCategories throws NotFoundException when the project does not exist.","status":"passed","title":"NotFoundException when the project does not exist.","duration":0.28731100000004517,"failureMessages":[],"meta":{},"tags":[]},{"ancestorTitles":["ProjectsService","categories","createCategory"],"fullName":"ProjectsService categories createCategory creates a category for an existing project.","status":"passed","title":"creates a category for an existing project.","duration":0.36920199999985925,"failureMessages":[],"meta":{},"tags":[]},{"ancestorTitles":["ProjectsService","categories","createCategory","throws"],"fullName":"ProjectsService categories createCategory throws NotFoundException when the project does not exist.","status":"passed","title":"NotFoundException when the project does not exist.","duration":0.24729899999988447,"failureMessages":[],"meta":{},"tags":[]},{"ancestorTitles":["ProjectsService","categories","createCategory","throws"],"fullName":"ProjectsService categories createCategory throws BadRequestException when the category name already exists in the project.","status":"passed","title":"BadRequestException when the category name already exists in the project.","duration":0.3740589999999884,"failureMessages":[],"meta":{},"tags":[]},{"ancestorTitles":["ProjectsService","categories","createCategory","throws"],"fullName":"ProjectsService categories createCategory throws BadRequestException when the category key already exists in the project.","status":"passed","title":"BadRequestException when the category key already exists in the project.","duration":3.963175000000092,"failureMessages":[],"meta":{},"tags":[]},{"ancestorTitles":["ProjectsService","categories","updateCategory"],"fullName":"ProjectsService categories updateCategory updates the category name.","status":"passed","title":"updates the category name.","duration":0.4165499999999156,"failureMessages":[],"meta":{},"tags":[]},{"ancestorTitles":["ProjectsService","categories","updateCategory"],"fullName":"ProjectsService categories updateCategory updates the category key.","status":"passed","title":"updates the category key.","duration":0.2676089999999931,"failureMessages":[],"meta":{},"tags":[]},{"ancestorTitles":["ProjectsService","categories","updateCategory"],"fullName":"ProjectsService categories updateCategory updates the category type.","status":"passed","title":"updates the category type.","duration":0.2394409999999425,"failureMessages":[],"meta":{},"tags":[]},{"ancestorTitles":["ProjectsService","categories","updateCategory"],"fullName":"ProjectsService categories updateCategory updates name, key, and type together.","status":"passed","title":"updates name, key, and type together.","duration":0.2751670000000104,"failureMessages":[],"meta":{},"tags":[]},{"ancestorTitles":["ProjectsService","categories","updateCategory"],"fullName":"ProjectsService categories updateCategory allows keeping the same name and key on the same category.","status":"passed","title":"allows keeping the same name and key on the same category.","duration":0.1913759999999911,"failureMessages":[],"meta":{},"tags":[]},{"ancestorTitles":["ProjectsService","categories","updateCategory","throws"],"fullName":"ProjectsService categories updateCategory throws NotFoundException when the project does not exist.","status":"passed","title":"NotFoundException when the project does not exist.","duration":0.5701450000001387,"failureMessages":[],"meta":{},"tags":[]},{"ancestorTitles":["ProjectsService","categories","updateCategory","throws"],"fullName":"ProjectsService categories updateCategory throws NotFoundException when the category does not exist in the project.","status":"passed","title":"NotFoundException when the category does not exist in the project.","duration":0.2305629999998473,"failureMessages":[],"meta":{},"tags":[]},{"ancestorTitles":["ProjectsService","categories","updateCategory","throws"],"fullName":"ProjectsService categories updateCategory throws BadRequestException when the updated name already exists in the same project.","status":"passed","title":"BadRequestException when the updated name already exists in the same project.","duration":0.21232099999997445,"failureMessages":[],"meta":{},"tags":[]},{"ancestorTitles":["ProjectsService","categories","updateCategory","throws"],"fullName":"ProjectsService categories updateCategory throws BadRequestException when the updated key already exists in the same project.","status":"passed","title":"BadRequestException when the updated key already exists in the same project.","duration":0.23345900000003894,"failureMessages":[],"meta":{},"tags":[]},{"ancestorTitles":["ProjectsService","categories","deleteCategory"],"fullName":"ProjectsService categories deleteCategory deletes a category from an existing project.","status":"passed","title":"deletes a category from an existing project.","duration":0.26793099999986225,"failureMessages":[],"meta":{},"tags":[]},{"ancestorTitles":["ProjectsService","categories","deleteCategory","throws"],"fullName":"ProjectsService categories deleteCategory throws NotFoundException when the project does not exist.","status":"passed","title":"NotFoundException when the project does not exist.","duration":0.3259410000000571,"failureMessages":[],"meta":{},"tags":[]},{"ancestorTitles":["ProjectsService","categories","deleteCategory","throws"],"fullName":"ProjectsService categories deleteCategory throws NotFoundException when the category does not exist in the project.","status":"passed","title":"NotFoundException when the category does not exist in the project.","duration":0.1978079999998954,"failureMessages":[],"meta":{},"tags":[]},{"ancestorTitles":["ProjectsService","requirements","createRequirement"],"fullName":"ProjectsService requirements createRequirement creates a draft requirement with an allocated visible key.","status":"passed","title":"creates a draft requirement with an allocated visible key.","duration":1.1111190000001443,"failureMessages":[],"meta":{},"tags":[]},{"ancestorTitles":["ProjectsService","requirements","createRequirement"],"fullName":"ProjectsService requirements createRequirement throws NotFoundException if the category belongs to another project.","status":"passed","title":"throws NotFoundException if the category belongs to another project.","duration":0.21564100000000508,"failureMessages":[],"meta":{},"tags":[]},{"ancestorTitles":["ProjectsService","requirements","findAllRequirements"],"fullName":"ProjectsService requirements findAllRequirements lists visible requirements sorted by visible key.","status":"passed","title":"lists visible requirements sorted by visible key.","duration":0.3273340000000644,"failureMessages":[],"meta":{},"tags":[]},{"ancestorTitles":["ProjectsService","requirements","findRequirement"],"fullName":"ProjectsService requirements findRequirement returns the current requirement.","status":"passed","title":"returns the current requirement.","duration":3.8114499999999225,"failureMessages":[],"meta":{},"tags":[]},{"ancestorTitles":["ProjectsService","requirements","findRequirementRevisions"],"fullName":"ProjectsService requirements findRequirementRevisions returns archived revisions and the current requirement.","status":"passed","title":"returns archived revisions and the current requirement.","duration":0.5391160000001491,"failureMessages":[],"meta":{},"tags":[]},{"ancestorTitles":["ProjectsService","requirements","updateRequirement"],"fullName":"ProjectsService requirements updateRequirement creates a content revision while preserving an approved requirement lifecycle state.","status":"passed","title":"creates a content revision while preserving an approved requirement lifecycle state.","duration":1.3881410000001324,"failureMessages":[],"meta":{},"tags":[]},{"ancestorTitles":["ProjectsService","requirements","updateRequirement"],"fullName":"ProjectsService requirements updateRequirement requires an explicit change reason for substantive edits.","status":"passed","title":"requires an explicit change reason for substantive edits.","duration":1.6898509999998623,"failureMessages":[],"meta":{},"tags":[]},{"ancestorTitles":["ProjectsService","requirements","updateRequirement"],"fullName":"ProjectsService requirements updateRequirement requires the dedicated review decision endpoint for approved transitions.","status":"passed","title":"requires the dedicated review decision endpoint for approved transitions.","duration":0.2472410000000309,"failureMessages":[],"meta":{},"tags":[]},{"ancestorTitles":["ProjectsService","requirements","updateRequirement"],"fullName":"ProjectsService requirements updateRequirement requires the dedicated review decision endpoint for rejected transitions.","status":"passed","title":"requires the dedicated review decision endpoint for rejected transitions.","duration":0.30625400000008085,"failureMessages":[],"meta":{},"tags":[]},{"ancestorTitles":["ProjectsService","requirements","updateRequirement"],"fullName":"ProjectsService requirements updateRequirement requires an implementation ticket before an approved requirement can be implemented.","status":"passed","title":"requires an implementation ticket before an approved requirement can be implemented.","duration":0.2649140000000898,"failureMessages":[],"meta":{},"tags":[]},{"ancestorTitles":["ProjectsService","requirements","updateRequirement"],"fullName":"ProjectsService requirements updateRequirement rejects changes to implemented requirements.","status":"passed","title":"rejects changes to implemented requirements.","duration":0.17567200000007688,"failureMessages":[],"meta":{},"tags":[]},{"ancestorTitles":["ProjectsService","requirements","updateRequirement"],"fullName":"ProjectsService requirements updateRequirement moves a changed requirement to another project category and allocates a new visible key.","status":"passed","title":"moves a changed requirement to another project category and allocates a new visible key.","duration":0.2560949999999593,"failureMessages":[],"meta":{},"tags":[]},{"ancestorTitles":["ProjectsService","requirements","updateRequirement"],"fullName":"ProjectsService requirements updateRequirement sets an approved requirement obsolete with actor and reason without replacing the reviewer.","status":"passed","title":"sets an approved requirement obsolete with actor and reason without replacing the reviewer.","duration":0.49859300000002804,"failureMessages":[],"meta":{},"tags":[]},{"ancestorTitles":["ProjectsService","requirements","updateRequirement"],"fullName":"ProjectsService requirements updateRequirement requires a reviewer when approving a draft requirement.","status":"passed","title":"requires a reviewer when approving a draft requirement.","duration":0.21099699999990662,"failureMessages":[],"meta":{},"tags":[]},{"ancestorTitles":["ProjectsService","requirements","updateRequirement"],"fullName":"ProjectsService requirements updateRequirement requires an obsolescence reason when setting a requirement obsolete.","status":"passed","title":"requires an obsolescence reason when setting a requirement obsolete.","duration":0.1683900000000449,"failureMessages":[],"meta":{},"tags":[]},{"ancestorTitles":["ProjectsService","requirements","updateRequirement"],"fullName":"ProjectsService requirements updateRequirement requires a user name when setting a requirement obsolete.","status":"passed","title":"requires a user name when setting a requirement obsolete.","duration":0.16476299999999355,"failureMessages":[],"meta":{},"tags":[]},{"ancestorTitles":["ProjectsService","requirements","updateRequirement"],"fullName":"ProjectsService requirements updateRequirement allows implemented requirements to become obsolete.","status":"passed","title":"allows implemented requirements to become obsolete.","duration":0.19206199999985074,"failureMessages":[],"meta":{},"tags":[]},{"ancestorTitles":["ProjectsService","requirements","updateRequirement"],"fullName":"ProjectsService requirements updateRequirement does not allow draft requirements to become obsolete.","status":"passed","title":"does not allow draft requirements to become obsolete.","duration":0.13500100000010207,"failureMessages":[],"meta":{},"tags":[]},{"ancestorTitles":["ProjectsService","requirements","updateRequirement"],"fullName":"ProjectsService requirements updateRequirement does not allow rejected requirements to become obsolete.","status":"passed","title":"does not allow rejected requirements to become obsolete.","duration":0.12937600000009297,"failureMessages":[],"meta":{},"tags":[]},{"ancestorTitles":["ProjectsService","requirements","requirement deletion"],"fullName":"ProjectsService requirements requirement deletion does not expose requirement deletion service behavior.","status":"passed","title":"does not expose requirement deletion service behavior.","duration":0.07657500000004802,"failureMessages":[],"meta":{},"tags":[]}],"startTime":1789404451519,"endTime":1789404451551.1921,"status":"passed","message":"","name":"/home/node/backend/src/projects/projects.service.spec.ts"},{"assertionResults":[{"ancestorTitles":["RequirementReviewsService"],"fullName":"RequirementReviewsService derives the in-review and decision-pending states from main comment counts.","status":"passed","title":"derives the in-review and decision-pending states from main comment counts.","duration":2.198830999999984,"failureMessages":[],"meta":{},"tags":[]},{"ancestorTitles":["RequirementReviewsService"],"fullName":"RequirementReviewsService rejects replies to closed comments.","status":"passed","title":"rejects replies to closed comments.","duration":0.8184520000000362,"failureMessages":[],"meta":{},"tags":[]},{"ancestorTitles":["RequirementReviewsService"],"fullName":"RequirementReviewsService creates an open review comment for the current requirement revision.","status":"passed","title":"creates an open review comment for the current requirement revision.","duration":1.1179619999999773,"failureMessages":[],"meta":{},"tags":[]},{"ancestorTitles":["RequirementReviewsService"],"fullName":"RequirementReviewsService does not approve a requirement while review comments are open.","status":"passed","title":"does not approve a requirement while review comments are open.","duration":1.0515829999999937,"failureMessages":[],"meta":{},"tags":[]},{"ancestorTitles":["RequirementReviewsService"],"fullName":"RequirementReviewsService approves a draft requirement when all review comments are closed.","status":"passed","title":"approves a draft requirement when all review comments are closed.","duration":0.5426689999999894,"failureMessages":[],"meta":{},"tags":[]},{"ancestorTitles":["RequirementReviewsService"],"fullName":"RequirementReviewsService rejects a draft requirement and auto-closes open comments.","status":"passed","title":"rejects a draft requirement and auto-closes open comments.","duration":2.203220999999985,"failureMessages":[],"meta":{},"tags":[]}],"startTime":1789404451964,"endTime":1789404451972.2031,"status":"passed","message":"","name":"/home/node/backend/src/requirement-reviews/requirement-reviews.service.spec.ts"},{"assertionResults":[{"ancestorTitles":["PasswordService"],"fullName":"PasswordService creates an Argon2id hash that verifies the original password.","status":"passed","title":"creates an Argon2id hash that verifies the original password.","duration":297.7567449999999,"failureMessages":[],"meta":{},"tags":[]},{"ancestorTitles":["PasswordService"],"fullName":"PasswordService uses a different salt for equal passwords.","status":"passed","title":"uses a different salt for equal passwords.","duration":129.570788,"failureMessages":[],"meta":{},"tags":[]}],"startTime":1789404451094,"endTime":1789404451521.5708,"status":"passed","message":"","name":"/home/node/backend/src/auth/accounts/password.service.spec.ts"},{"assertionResults":[{"ancestorTitles":["UserAdministrationService role model"],"fullName":"UserAdministrationService role model assigns exactly one role while the account is pending.","status":"passed","title":"assigns exactly one role while the account is pending.","duration":4.4369629999999916,"failureMessages":[],"meta":{},"tags":[]},{"ancestorTitles":["UserAdministrationService role model"],"fullName":"UserAdministrationService role model does not allow an active account to be converted into another role.","status":"passed","title":"does not allow an active account to be converted into another role.","duration":0.7075269999999705,"failureMessages":[],"meta":{},"tags":[]},{"ancestorTitles":["UserAdministrationService role model"],"fullName":"UserAdministrationService role model requires a role before activation.","status":"passed","title":"requires a role before activation.","duration":0.4975689999999986,"failureMessages":[],"meta":{},"tags":[]},{"ancestorTitles":["UserAdministrationService role model"],"fullName":"UserAdministrationService role model activates a verified pending account after a role was assigned.","status":"passed","title":"activates a verified pending account after a role was assigned.","duration":0.3416419999999789,"failureMessages":[],"meta":{},"tags":[]},{"ancestorTitles":["UserAdministrationService role model"],"fullName":"UserAdministrationService role model allows an unassigned pending account to be deactivated.","status":"passed","title":"allows an unassigned pending account to be deactivated.","duration":0.431741000000045,"failureMessages":[],"meta":{},"tags":[]},{"ancestorTitles":["UserAdministrationService role model"],"fullName":"UserAdministrationService role model does not allow a deactivated account with an assigned role to change roles.","status":"passed","title":"does not allow a deactivated account with an assigned role to change roles.","duration":0.2574920000000134,"failureMessages":[],"meta":{},"tags":[]}],"startTime":1789404452953,"endTime":1789404452959.4316,"status":"passed","message":"","name":"/home/node/backend/src/auth/administration/user-administration.service.spec.ts"},{"assertionResults":[{"ancestorTitles":["AdministratorGuard"],"fullName":"AdministratorGuard allows an Administrator account.","status":"passed","title":"allows an Administrator account.","duration":1.1012450000000058,"failureMessages":[],"meta":{},"tags":[]},{"ancestorTitles":["AdministratorGuard"],"fullName":"AdministratorGuard rejects the non-Administrator role requirements_engineer.","status":"passed","title":"rejects the non-Administrator role requirements_engineer.","duration":0.3321650000000034,"failureMessages":[],"meta":{},"tags":[]},{"ancestorTitles":["AdministratorGuard"],"fullName":"AdministratorGuard rejects the non-Administrator role developer.","status":"passed","title":"rejects the non-Administrator role developer.","duration":0.11408800000000952,"failureMessages":[],"meta":{},"tags":[]},{"ancestorTitles":["AdministratorGuard"],"fullName":"AdministratorGuard rejects the non-Administrator role viewer.","status":"passed","title":"rejects the non-Administrator role viewer.","duration":0.15888899999998785,"failureMessages":[],"meta":{},"tags":[]}],"startTime":1789404454528,"endTime":1789404454530.159,"status":"passed","message":"","name":"/home/node/backend/src/auth/authorization/administrator.guard.spec.ts"},{"assertionResults":[{"ancestorTitles":["ProjectAuthorizationGuard"],"fullName":"ProjectAuthorizationGuard rejects Administrator access to project-scoped permission read_project.","status":"passed","title":"rejects Administrator access to project-scoped permission read_project.","duration":2.496450999999979,"failureMessages":[],"meta":{},"tags":[]},{"ancestorTitles":["ProjectAuthorizationGuard"],"fullName":"ProjectAuthorizationGuard rejects Administrator access to project-scoped permission read.","status":"passed","title":"rejects Administrator access to project-scoped permission read.","duration":0.3678859999999986,"failureMessages":[],"meta":{},"tags":[]},{"ancestorTitles":["ProjectAuthorizationGuard"],"fullName":"ProjectAuthorizationGuard allows read through the matching project-scoped role with membership.","status":"passed","title":"allows read through the matching project-scoped role with membership.","duration":0.543954000000042,"failureMessages":[],"meta":{},"tags":[]},{"ancestorTitles":["ProjectAuthorizationGuard"],"fullName":"ProjectAuthorizationGuard allows read_project through the matching project-scoped role with membership.","status":"passed","title":"allows read_project through the matching project-scoped role with membership.","duration":0.17965899999995827,"failureMessages":[],"meta":{},"tags":[]},{"ancestorTitles":["ProjectAuthorizationGuard"],"fullName":"ProjectAuthorizationGuard allows manage_requirements through the matching project-scoped role with membership.","status":"passed","title":"allows manage_requirements through the matching project-scoped role with membership.","duration":0.2238039999999728,"failureMessages":[],"meta":{},"tags":[]},{"ancestorTitles":["ProjectAuthorizationGuard"],"fullName":"ProjectAuthorizationGuard allows manage_tickets through the matching project-scoped role with membership.","status":"passed","title":"allows manage_tickets through the matching project-scoped role with membership.","duration":0.3000900000000115,"failureMessages":[],"meta":{},"tags":[]},{"ancestorTitles":["ProjectAuthorizationGuard"],"fullName":"ProjectAuthorizationGuard rejects project-scoped access without membership.","status":"passed","title":"rejects project-scoped access without membership.","duration":0.24066399999998112,"failureMessages":[],"meta":{},"tags":[]},{"ancestorTitles":["ProjectAuthorizationGuard"],"fullName":"ProjectAuthorizationGuard does not allow Developer accounts to mutate requirement content.","status":"passed","title":"does not allow Developer accounts to mutate requirement content.","duration":0.2089290000000119,"failureMessages":[],"meta":{},"tags":[]}],"startTime":1789404453629,"endTime":1789404453633.3,"status":"passed","message":"","name":"/home/node/backend/src/auth/authorization/project-authorization.guard.spec.ts"},{"assertionResults":[{"ancestorTitles":["ProjectMembershipService single-role memberships"],"fullName":"ProjectMembershipService single-role memberships creates membership without storing a separate project role.","status":"passed","title":"creates membership without storing a separate project role.","duration":3.2074630000000184,"failureMessages":[],"meta":{},"tags":[]},{"ancestorTitles":["ProjectMembershipService single-role memberships"],"fullName":"ProjectMembershipService single-role memberships rejects Administrator memberships.","status":"passed","title":"rejects Administrator memberships.","duration":0.8541280000000029,"failureMessages":[],"meta":{},"tags":[]},{"ancestorTitles":["ProjectMembershipService single-role memberships"],"fullName":"ProjectMembershipService single-role memberships rejects active accounts without a project-scoped role.","status":"passed","title":"rejects active accounts without a project-scoped role.","duration":0.2806789999999637,"failureMessages":[],"meta":{},"tags":[]},{"ancestorTitles":["ProjectMembershipService single-role memberships"],"fullName":"ProjectMembershipService single-role memberships rejects memberships for accounts that are not active.","status":"passed","title":"rejects memberships for accounts that are not active.","duration":0.23372100000000273,"failureMessages":[],"meta":{},"tags":[]}],"startTime":1789404453204,"endTime":1789404453208.2808,"status":"passed","message":"","name":"/home/node/backend/src/auth/authorization/project-membership.service.spec.ts"},{"assertionResults":[{"ancestorTitles":["bootstrap configuration"],"fullName":"bootstrap configuration provides a test-only secret without production configuration.","status":"passed","title":"provides a test-only secret without production configuration.","duration":1.3653260000000103,"failureMessages":[],"meta":{},"tags":[]},{"ancestorTitles":["bootstrap configuration"],"fullName":"bootstrap configuration allows a removed secret after bootstrap and rejects weak values.","status":"passed","title":"allows a removed secret after bootstrap and rejects weak values.","duration":1.1070180000000107,"failureMessages":[],"meta":{},"tags":[]},{"ancestorTitles":["bootstrap configuration"],"fullName":"bootstrap configuration loads the configured deployment secret.","status":"passed","title":"loads the configured deployment secret.","duration":0.1997479999999996,"failureMessages":[],"meta":{},"tags":[]}],"startTime":1789404454134,"endTime":1789404454137.1997,"status":"passed","message":"","name":"/home/node/backend/src/auth/bootstrap/bootstrap.config.spec.ts"},{"assertionResults":[{"ancestorTitles":["BootstrapService"],"fullName":"BootstrapService reports bootstrap availability without exposing configuration.","status":"passed","title":"reports bootstrap availability without exposing configuration.","duration":2.0944519999999898,"failureMessages":[],"meta":{},"tags":[]},{"ancestorTitles":["BootstrapService"],"fullName":"BootstrapService requires the deployment secret at startup only before completion.","status":"passed","title":"requires the deployment secret at startup only before completion.","duration":0.8753199999999879,"failureMessages":[],"meta":{},"tags":[]},{"ancestorTitles":["BootstrapService"],"fullName":"BootstrapService atomically creates a pending Administrator and verification token.","status":"passed","title":"atomically creates a pending Administrator and verification token.","duration":2.9693980000000124,"failureMessages":[],"meta":{},"tags":[]},{"ancestorTitles":["BootstrapService"],"fullName":"BootstrapService rejects a missing or incorrect secret generically.","status":"passed","title":"rejects a missing or incorrect secret generically.","duration":0.6668369999999868,"failureMessages":[],"meta":{},"tags":[]},{"ancestorTitles":["BootstrapService"],"fullName":"BootstrapService rejects a missing or incorrect secret generically.","status":"passed","title":"rejects a missing or incorrect secret generically.","duration":0.311333999999988,"failureMessages":[],"meta":{},"tags":[]},{"ancestorTitles":["BootstrapService"],"fullName":"BootstrapService permanently rejects registration after bootstrap completion.","status":"passed","title":"permanently rejects registration after bootstrap completion.","duration":0.3934419999999932,"failureMessages":[],"meta":{},"tags":[]},{"ancestorTitles":["BootstrapService"],"fullName":"BootstrapService rate-limits repeated attempts by a hashed request source.","status":"passed","title":"rate-limits repeated attempts by a hashed request source.","duration":0.815179999999998,"failureMessages":[],"meta":{},"tags":[]},{"ancestorTitles":["BootstrapService"],"fullName":"BootstrapService does not send email when the atomic transaction fails.","status":"passed","title":"does not send email when the atomic transaction fails.","duration":0.44882200000000694,"failureMessages":[],"meta":{},"tags":[]}],"startTime":1789404452661,"endTime":1789404452670.4487,"status":"passed","message":"","name":"/home/node/backend/src/auth/bootstrap/bootstrap.service.spec.ts"},{"assertionResults":[{"ancestorTitles":["PasswordResetService"],"fullName":"PasswordResetService returns the same non-enumerating response for an unknown email.","status":"passed","title":"returns the same non-enumerating response for an unknown email.","duration":3.0040890000000218,"failureMessages":[],"meta":{},"tags":[]},{"ancestorTitles":["PasswordResetService"],"fullName":"PasswordResetService stores only a token hash and emails the plaintext token to an eligible user.","status":"passed","title":"stores only a token hash and emails the plaintext token to an eligible user.","duration":1.841019000000017,"failureMessages":[],"meta":{},"tags":[]}],"startTime":1789404453285,"endTime":1789404453289.841,"status":"passed","message":"","name":"/home/node/backend/src/auth/password-reset/password-reset.service.spec.ts"},{"assertionResults":[{"ancestorTitles":["registerUserSchema"],"fullName":"registerUserSchema normalizes registration fields without changing the password.","status":"passed","title":"normalizes registration fields without changing the password.","duration":2.296397000000013,"failureMessages":[],"meta":{},"tags":[]},{"ancestorTitles":["registerUserSchema"],"fullName":"registerUserSchema rejects malformed registration data.","status":"passed","title":"rejects malformed registration data.","duration":0.5653409999999894,"failureMessages":[],"meta":{},"tags":[]},{"ancestorTitles":["registerUserSchema"],"fullName":"registerUserSchema rejects malformed registration data.","status":"passed","title":"rejects malformed registration data.","duration":0.24780300000000466,"failureMessages":[],"meta":{},"tags":[]},{"ancestorTitles":["registerUserSchema"],"fullName":"registerUserSchema rejects malformed registration data.","status":"passed","title":"rejects malformed registration data.","duration":0.20219099999999912,"failureMessages":[],"meta":{},"tags":[]},{"ancestorTitles":["registerUserSchema"],"fullName":"registerUserSchema rejects malformed registration data.","status":"passed","title":"rejects malformed registration data.","duration":0.2110450000000128,"failureMessages":[],"meta":{},"tags":[]},{"ancestorTitles":["registerUserSchema"],"fullName":"registerUserSchema rejects malformed registration data.","status":"passed","title":"rejects malformed registration data.","duration":0.23336199999999963,"failureMessages":[],"meta":{},"tags":[]},{"ancestorTitles":["role and password recovery schemas"],"fullName":"role and password recovery schemas accepts one account role and valid recovery inputs.","status":"passed","title":"accepts one account role and valid recovery inputs.","duration":0.6490949999999884,"failureMessages":[],"meta":{},"tags":[]},{"ancestorTitles":["role and password recovery schemas"],"fullName":"role and password recovery schemas rejects invalid roles, invalid email, and weak reset passwords.","status":"passed","title":"rejects invalid roles, invalid email, and weak reset passwords.","duration":0.4676849999999888,"failureMessages":[],"meta":{},"tags":[]},{"ancestorTitles":["email verification schemas"],"fullName":"email verification schemas trims valid confirmation tokens and resend usernames.","status":"passed","title":"trims valid confirmation tokens and resend usernames.","duration":0.4089559999999892,"failureMessages":[],"meta":{},"tags":[]},{"ancestorTitles":["email verification schemas"],"fullName":"email verification schemas rejects empty confirmation tokens and malformed usernames.","status":"passed","title":"rejects empty confirmation tokens and malformed usernames.","duration":0.2998919999999998,"failureMessages":[],"meta":{},"tags":[]},{"ancestorTitles":["bootstrapAdministratorSchema"],"fullName":"bootstrapAdministratorSchema normalizes identity attributes and permits a missing secret for generic rejection.","status":"passed","title":"normalizes identity attributes and permits a missing secret for generic rejection.","duration":0.8828259999999943,"failureMessages":[],"meta":{},"tags":[]},{"ancestorTitles":["bootstrapAdministratorSchema"],"fullName":"bootstrapAdministratorSchema validates bootstrap registration account fields.","status":"passed","title":"validates bootstrap registration account fields.","duration":0.17143899999999235,"failureMessages":[],"meta":{},"tags":[]},{"ancestorTitles":["session and administration schemas"],"fullName":"session and administration schemas accepts trimmed login credentials and supported account states.","status":"passed","title":"accepts trimmed login credentials and supported account states.","duration":0.5571019999999862,"failureMessages":[],"meta":{},"tags":[]},{"ancestorTitles":["session and administration schemas"],"fullName":"session and administration schemas rejects empty credentials and pending as an administrative target state.","status":"passed","title":"rejects empty credentials and pending as an administrative target state.","duration":0.2283480000000111,"failureMessages":[],"meta":{},"tags":[]}],"startTime":1789404452454,"endTime":1789404452462.2283,"status":"passed","message":"","name":"/home/node/backend/src/auth/dto/auth.schemas.spec.ts"},{"assertionResults":[{"ancestorTitles":["EmailDeliveryService"],"fullName":"EmailDeliveryService sends the plaintext token only in the generated frontend link.","status":"passed","title":"sends the plaintext token only in the generated frontend link.","duration":3.037441000000001,"failureMessages":[],"meta":{},"tags":[]},{"ancestorTitles":["EmailDeliveryService"],"fullName":"EmailDeliveryService does not create a transporter or send mail when delivery is explicitly disabled.","status":"passed","title":"does not create a transporter or send mail when delivery is explicitly disabled.","duration":1.1254790000000128,"failureMessages":[],"meta":{},"tags":[]}],"startTime":1789404453576,"endTime":1789404453580.1255,"status":"passed","message":"","name":"/home/node/backend/src/auth/registration/email-delivery.service.spec.ts"},{"assertionResults":[{"ancestorTitles":["EmailVerificationService"],"fullName":"EmailVerificationService activates the initial Administrator after email confirmation.","status":"passed","title":"activates the initial Administrator after email confirmation.","duration":1.691757999999993,"failureMessages":[],"meta":{},"tags":[]},{"ancestorTitles":["EmailVerificationService"],"fullName":"EmailVerificationService stores only a hash with a 30-minute expiry and delivers the plaintext token.","status":"passed","title":"stores only a hash with a 30-minute expiry and delivers the plaintext token.","duration":2.1675369999999816,"failureMessages":[],"meta":{},"tags":[]},{"ancestorTitles":["EmailVerificationService"],"fullName":"EmailVerificationService keeps the token usable and conceals delivery failures.","status":"passed","title":"keeps the token usable and conceals delivery failures.","duration":2.5225409999999897,"failureMessages":[],"meta":{},"tags":[]},{"ancestorTitles":["EmailVerificationService"],"fullName":"EmailVerificationService confirms a valid token, verifies the user, and invalidates other tokens.","status":"passed","title":"confirms a valid token, verifies the user, and invalidates other tokens.","duration":0.7047030000000518,"failureMessages":[],"meta":{},"tags":[]},{"ancestorTitles":["EmailVerificationService"],"fullName":"EmailVerificationService rejects an unknown token with the generic error.","status":"passed","title":"rejects an unknown token with the generic error.","duration":0.68272300000001,"failureMessages":[],"meta":{},"tags":[]},{"ancestorTitles":["EmailVerificationService"],"fullName":"EmailVerificationService rejects an expired token with the generic error.","status":"passed","title":"rejects an expired token with the generic error.","duration":0.2047359999999685,"failureMessages":[],"meta":{},"tags":[]},{"ancestorTitles":["EmailVerificationService"],"fullName":"EmailVerificationService rejects an consumed token with the generic error.","status":"passed","title":"rejects an consumed token with the generic error.","duration":0.17576099999996586,"failureMessages":[],"meta":{},"tags":[]},{"ancestorTitles":["EmailVerificationService"],"fullName":"EmailVerificationService rejects an invalidated token with the generic error.","status":"passed","title":"rejects an invalidated token with the generic error.","duration":0.2132569999999987,"failureMessages":[],"meta":{},"tags":[]},{"ancestorTitles":["EmailVerificationService"],"fullName":"EmailVerificationService returns the generic resend response without revealing an unknown account.","status":"passed","title":"returns the generic resend response without revealing an unknown account.","duration":0.4000429999999824,"failureMessages":[],"meta":{},"tags":[]},{"ancestorTitles":["EmailVerificationService"],"fullName":"EmailVerificationService issues a resend for an eligible pending account.","status":"passed","title":"issues a resend for an eligible pending account.","duration":0.32857400000000325,"failureMessages":[],"meta":{},"tags":[]},{"ancestorTitles":["EmailVerificationService"],"fullName":"EmailVerificationService does not resend for an account that is already verified.","status":"passed","title":"does not resend for an account that is already verified.","duration":0.19645500000001448,"failureMessages":[],"meta":{},"tags":[]},{"ancestorTitles":["EmailVerificationService"],"fullName":"EmailVerificationService does not resend for an account that is deactivated.","status":"passed","title":"does not resend for an account that is deactivated.","duration":0.14629299999995737,"failureMessages":[],"meta":{},"tags":[]},{"ancestorTitles":["EmailVerificationService"],"fullName":"EmailVerificationService enforces both the one-minute interval and five-per-hour limit.","status":"passed","title":"enforces both the one-minute interval and five-per-hour limit.","duration":0.19946100000004208,"failureMessages":[],"meta":{},"tags":[]}],"startTime":1789404452308,"endTime":1789404452318.1995,"status":"passed","message":"","name":"/home/node/backend/src/auth/registration/email-verification.service.spec.ts"},{"assertionResults":[{"ancestorTitles":["mail configuration"],"fullName":"mail configuration disables external delivery in the test environment.","status":"passed","title":"disables external delivery in the test environment.","duration":6.6122119999999995,"failureMessages":[],"meta":{},"tags":[]},{"ancestorTitles":["mail configuration"],"fullName":"mail configuration loads the complete SMTP configuration outside the test environment.","status":"passed","title":"loads the complete SMTP configuration outside the test environment.","duration":0.5904469999999833,"failureMessages":[],"meta":{},"tags":[]},{"ancestorTitles":["mail configuration"],"fullName":"mail configuration rejects incomplete or malformed production configuration.","status":"passed","title":"rejects incomplete or malformed production configuration.","duration":0.7003440000000012,"failureMessages":[],"meta":{},"tags":[]}],"startTime":1789404453860,"endTime":1789404453867.7004,"status":"passed","message":"","name":"/home/node/backend/src/auth/registration/mail.config.spec.ts"},{"assertionResults":[{"ancestorTitles":["RegistrationService"],"fullName":"RegistrationService creates a pending user with normalized identity attributes and a password hash.","status":"passed","title":"creates a pending user with normalized identity attributes and a password hash.","duration":4.226454999999987,"failureMessages":[],"meta":{},"tags":[]},{"ancestorTitles":["RegistrationService"],"fullName":"RegistrationService returns the same generic response for a uniqueness conflict.","status":"passed","title":"returns the same generic response for a uniqueness conflict.","duration":0.5302599999999984,"failureMessages":[],"meta":{},"tags":[]},{"ancestorTitles":["RegistrationService"],"fullName":"RegistrationService does not hide unexpected persistence errors.","status":"passed","title":"does not hide unexpected persistence errors.","duration":0.756986999999981,"failureMessages":[],"meta":{},"tags":[]},{"ancestorTitles":["RegistrationService"],"fullName":"RegistrationService looks up usernames and emails case-insensitively.","status":"passed","title":"looks up usernames and emails case-insensitively.","duration":0.3865240000000085,"failureMessages":[],"meta":{},"tags":[]},{"ancestorTitles":["RegistrationService"],"fullName":"RegistrationService can activate a stored user through the internal service.","status":"passed","title":"can activate a stored user through the internal service.","duration":0.4097919999999817,"failureMessages":[],"meta":{},"tags":[]},{"ancestorTitles":["RegistrationService"],"fullName":"RegistrationService can deactivate a stored user through the internal service.","status":"passed","title":"can deactivate a stored user through the internal service.","duration":0.2574440000000209,"failureMessages":[],"meta":{},"tags":[]},{"ancestorTitles":["RegistrationService"],"fullName":"RegistrationService does not activate a pending account without an assigned role.","status":"passed","title":"does not activate a pending account without an assigned role.","duration":0.45088699999996606,"failureMessages":[],"meta":{},"tags":[]},{"ancestorTitles":["RegistrationService"],"fullName":"RegistrationService changes only the stored password hash through the internal service.","status":"passed","title":"changes only the stored password hash through the internal service.","duration":0.23460399999999026,"failureMessages":[],"meta":{},"tags":[]},{"ancestorTitles":["RegistrationService"],"fullName":"RegistrationService rejects internal updates for an unknown user.","status":"passed","title":"rejects internal updates for an unknown user.","duration":0.2439560000000256,"failureMessages":[],"meta":{},"tags":[]}],"startTime":1789404451962,"endTime":1789404451970.244,"status":"passed","message":"","name":"/home/node/backend/src/auth/registration/registration.service.spec.ts"},{"assertionResults":[{"ancestorTitles":["VerificationTokenService"],"fullName":"VerificationTokenService generates 256 random bits and stores a deterministic SHA-256 representation.","status":"passed","title":"generates 256 random bits and stores a deterministic SHA-256 representation.","duration":2.621247000000011,"failureMessages":[],"meta":{},"tags":[]}],"startTime":1789404454056,"endTime":1789404454058.6213,"status":"passed","message":"","name":"/home/node/backend/src/auth/registration/verification-token.service.spec.ts"},{"assertionResults":[{"ancestorTitles":["getRequestSource"],"fullName":"getRequestSource prefers the Express request IP","status":"passed","title":"prefers the Express request IP","duration":1.0427110000000113,"failureMessages":[],"meta":{},"tags":[]},{"ancestorTitles":["getRequestSource"],"fullName":"getRequestSource falls back to the socket remote address","status":"passed","title":"falls back to the socket remote address","duration":0.1305329999999998,"failureMessages":[],"meta":{},"tags":[]},{"ancestorTitles":["getRequestSource"],"fullName":"getRequestSource uses a stable fallback when no address is available","status":"passed","title":"uses a stable fallback when no address is available","duration":0.09857800000000339,"failureMessages":[],"meta":{},"tags":[]}],"startTime":1789404454261,"endTime":1789404454263.1306,"status":"passed","message":"","name":"/home/node/backend/src/auth/sessions/request-source.spec.ts"},{"assertionResults":[{"ancestorTitles":[],"fullName":"stores the authenticated principal on the request.","status":"passed","title":"stores the authenticated principal on the request.","duration":2.5504290000000083,"failureMessages":[],"meta":{},"tags":[]}],"startTime":1789404454338,"endTime":1789404454340.5505,"status":"passed","message":"","name":"/home/node/backend/src/auth/sessions/session-auth.guard.spec.ts"},{"assertionResults":[{"ancestorTitles":["SessionTokenService"],"fullName":"SessionTokenService generates distinct opaque tokens and matching SHA-256 hashes.","status":"passed","title":"generates distinct opaque tokens and matching SHA-256 hashes.","duration":2.0820109999999943,"failureMessages":[],"meta":{},"tags":[]}],"startTime":1789404454450,"endTime":1789404454452.082,"status":"passed","message":"","name":"/home/node/backend/src/auth/sessions/session-token.service.spec.ts"},{"assertionResults":[{"ancestorTitles":["SessionService login"],"fullName":"SessionService login creates a session using only the generated token hash for an eligible user.","status":"passed","title":"creates a session using only the generated token hash for an eligible user.","duration":4.856018000000006,"failureMessages":[],"meta":{},"tags":[]},{"ancestorTitles":["SessionService login"],"fullName":"SessionService login returns the same failure for unknown, unavailable, and invalid credentials.","status":"passed","title":"returns the same failure for unknown, unavailable, and invalid credentials.","duration":0.8585889999999949,"failureMessages":[],"meta":{},"tags":[]},{"ancestorTitles":["SessionService login"],"fullName":"SessionService login returns the same failure for unknown, unavailable, and invalid credentials.","status":"passed","title":"returns the same failure for unknown, unavailable, and invalid credentials.","duration":0.6295939999999973,"failureMessages":[],"meta":{},"tags":[]},{"ancestorTitles":["SessionService login"],"fullName":"SessionService login returns the same failure for unknown, unavailable, and invalid credentials.","status":"passed","title":"returns the same failure for unknown, unavailable, and invalid credentials.","duration":0.28778699999998025,"failureMessages":[],"meta":{},"tags":[]},{"ancestorTitles":["SessionService login"],"fullName":"SessionService login returns the same failure for unknown, unavailable, and invalid credentials.","status":"passed","title":"returns the same failure for unknown, unavailable, and invalid credentials.","duration":0.2866320000000542,"failureMessages":[],"meta":{},"tags":[]}],"startTime":1789404452908,"endTime":1789404452915.2866,"status":"passed","message":"","name":"/home/node/backend/src/auth/sessions/session.service.spec.ts"},{"assertionResults":[{"ancestorTitles":["ZodValidationPipe"],"fullName":"ZodValidationPipe returns the parsed value.","status":"passed","title":"returns the parsed value.","duration":3.237437,"failureMessages":[],"meta":{},"tags":[]},{"ancestorTitles":["ZodValidationPipe"],"fullName":"ZodValidationPipe throws BadRequestException with the first Zod issue message.","status":"passed","title":"throws BadRequestException with the first Zod issue message.","duration":1.498911000000021,"failureMessages":[],"meta":{},"tags":[]}],"startTime":1789404452239,"endTime":1789404452243.499,"status":"passed","message":"","name":"/home/node/backend/src/common/pipes/zod-validation.pipe.spec.ts"},{"assertionResults":[{"ancestorTitles":["project request schemas"],"fullName":"project request schemas normalizes a project name.","status":"passed","title":"normalizes a project name.","duration":1.9331870000000038,"failureMessages":[],"meta":{},"tags":[]},{"ancestorTitles":["project request schemas"],"fullName":"project request schemas accepts an absolute ticket URL template with exactly one placeholder.","status":"passed","title":"accepts an absolute ticket URL template with exactly one placeholder.","duration":0.41047100000000114,"failureMessages":[],"meta":{},"tags":[]},{"ancestorTitles":["project request schemas"],"fullName":"project request schemas rejects a ticket URL template without the ticket placeholder.","status":"passed","title":"rejects a ticket URL template without the ticket placeholder.","duration":0.4796999999999798,"failureMessages":[],"meta":{},"tags":[]},{"ancestorTitles":["project request schemas"],"fullName":"project request schemas normalizes all user-entered implementation-ticket fields.","status":"passed","title":"normalizes all user-entered implementation-ticket fields.","duration":0.8416609999999878,"failureMessages":[],"meta":{},"tags":[]},{"ancestorTitles":["project request schemas"],"fullName":"project request schemas normalizes a category name and key.","status":"passed","title":"normalizes a category name and key.","duration":0.4677770000000123,"failureMessages":[],"meta":{},"tags":[]},{"ancestorTitles":["project request schemas"],"fullName":"project request schemas rejects an empty category patch.","status":"passed","title":"rejects an empty category patch.","duration":0.4801219999999944,"failureMessages":[],"meta":{},"tags":[]},{"ancestorTitles":["project request schemas"],"fullName":"project request schemas rejects an invalid category key.","status":"passed","title":"rejects an invalid category key.","duration":0.318002000000007,"failureMessages":[],"meta":{},"tags":[]},{"ancestorTitles":["project request schemas"],"fullName":"project request schemas normalizes a requirement creation body.","status":"passed","title":"normalizes a requirement creation body.","duration":0.6738470000000234,"failureMessages":[],"meta":{},"tags":[]},{"ancestorTitles":["project request schemas"],"fullName":"project request schemas rejects a requirement body with an invalid category id.","status":"passed","title":"rejects a requirement body with an invalid category id.","duration":0.6436899999999923,"failureMessages":[],"meta":{},"tags":[]},{"ancestorTitles":["project request schemas"],"fullName":"project request schemas requires and normalizes a change reason for requirement content updates.","status":"passed","title":"requires and normalizes a change reason for requirement content updates.","duration":1.163850999999994,"failureMessages":[],"meta":{},"tags":[]},{"ancestorTitles":["project request schemas"],"fullName":"project request schemas rejects client-supplied change reasons for lifecycle transitions.","status":"passed","title":"rejects client-supplied change reasons for lifecycle transitions.","duration":0.256448000000006,"failureMessages":[],"meta":{},"tags":[]},{"ancestorTitles":["project request schemas"],"fullName":"project request schemas allows implementation status patches through the generic update endpoint.","status":"passed","title":"allows implementation status patches through the generic update endpoint.","duration":0.1199359999999956,"failureMessages":[],"meta":{},"tags":[]},{"ancestorTitles":["project request schemas"],"fullName":"project request schemas requires the dedicated review decision endpoint for approved status patches.","status":"passed","title":"requires the dedicated review decision endpoint for approved status patches.","duration":0.33618699999999535,"failureMessages":[],"meta":{},"tags":[]},{"ancestorTitles":["project request schemas"],"fullName":"project request schemas requires the dedicated review decision endpoint for rejected status patches.","status":"passed","title":"requires the dedicated review decision endpoint for rejected status patches.","duration":0.17753799999999842,"failureMessages":[],"meta":{},"tags":[]},{"ancestorTitles":["project request schemas"],"fullName":"project request schemas normalizes dedicated obsolescence metadata in a status patch.","status":"passed","title":"normalizes dedicated obsolescence metadata in a status patch.","duration":0.33633600000001707,"failureMessages":[],"meta":{},"tags":[]},{"ancestorTitles":["project request schemas"],"fullName":"project request schemas rejects a requirement patch that mixes content and status changes.","status":"passed","title":"rejects a requirement patch that mixes content and status changes.","duration":0.19167799999999602,"failureMessages":[],"meta":{},"tags":[]}],"startTime":1789404452618,"endTime":1789404452627.1917,"status":"passed","message":"","name":"/home/node/backend/src/projects/dto/project.schemas.spec.ts"},{"assertionResults":[{"ancestorTitles":["requirement review request schemas"],"fullName":"requirement review request schemas accepts review comment text without trusting a client-supplied author.","status":"passed","title":"accepts review comment text without trusting a client-supplied author.","duration":2.2944420000000036,"failureMessages":[],"meta":{},"tags":[]},{"ancestorTitles":["requirement review request schemas"],"fullName":"requirement review request schemas accepts review decisions and comment resolution without client-supplied actor names.","status":"passed","title":"accepts review decisions and comment resolution without client-supplied actor names.","duration":0.7987740000000088,"failureMessages":[],"meta":{},"tags":[]}],"startTime":1789404453348,"endTime":1789404453351.7988,"status":"passed","message":"","name":"/home/node/backend/src/requirement-reviews/dto/requirement-review.schemas.spec.ts"}]}